<?xml version="1.0" encoding="UTF-8" ?>
<testsuites>
  <testsuite errors="0" failures="0" hostname="localhost" id="0" name="CompilerTest" package="com.google.appinventor.buildserver" skipped="0" tests="1" time="0.073" timestamp="2015-12-29T19:02:24">
      <properties>
[...]
</properties>

      <testcase classname="com.google.appinventor.buildserver.CompilerTest" name="testGeneratePermissions" time="0.042" />

      <system-out><![CDATA[]]></system-out>

      <system-err><![CDATA[]]></system-err>

  </testsuite>
  <testsuite errors="0" failures="0" hostname="localhost" id="1" name="NonQueuingExecutorTest" package="com.google.appinventor.buildserver" skipped="0" tests="1" time="0.036" timestamp="2015-12-29T19:02:25">
      <properties>
[...]
</properties>

      <testcase classname="com.google.appinventor.buildserver.NonQueuingExecutorTest" name="testAdditionalTaskIsRejected" time="0.007" />

      <system-out><![CDATA[]]></system-out>

      <system-err><![CDATA[]]></system-err>

  </testsuite>
  <testsuite errors="0" failures="0" hostname="localhost" id="2" name="YailEvalTest" package="com.google.appinventor.buildserver" skipped="0" tests="77" time="21.834" timestamp="2015-12-29T19:02:25">
      <properties>
[...]
</properties>

      <testcase classname="com.google.appinventor.buildserver.YailEvalTest" name="testCallCoercions" time="0.948" />

      <testcase classname="com.google.appinventor.buildserver.YailEvalTest" name="testDecimalReaderRoundoff" time="0.427" />

      <testcase classname="com.google.appinventor.buildserver.YailEvalTest" name="testTypedCoercions" time="0.351" />

      <testcase classname="com.google.appinventor.buildserver.YailEvalTest" name="testNonCoercibleValues" time="0.325" />

      <testcase classname="com.google.appinventor.buildserver.YailEvalTest" name="testCoercionFailureOnProcedureCall" time="0.292" />

      <testcase classname="com.google.appinventor.buildserver.YailEvalTest" name="testCoercionFailureOnPropertySet" time="0.268" />

      <testcase classname="com.google.appinventor.buildserver.YailEvalTest" name="testYailEqual" time="0.234" />

      <testcase classname="com.google.appinventor.buildserver.YailEvalTest" name="testYailNotEqual" time="0.261" />

      <testcase classname="com.google.appinventor.buildserver.YailEvalTest" name="testYailIsInList" time="0.219" />

      <testcase classname="com.google.appinventor.buildserver.YailEvalTest" name="testYailWhile" time="0.216" />

      <testcase classname="com.google.appinventor.buildserver.YailEvalTest" name="testYailAnd" time="0.236" />

      <testcase classname="com.google.appinventor.buildserver.YailEvalTest" name="testYailAndShortCircuit" time="0.2" />

      <testcase classname="com.google.appinventor.buildserver.YailEvalTest" name="testYailOr" time="0.201" />

      <testcase classname="com.google.appinventor.buildserver.YailEvalTest" name="testYailOrShortCircuit" time="0.219" />

      <testcase classname="com.google.appinventor.buildserver.YailEvalTest" name="testListGroup1" time="0.212" />

      <testcase classname="com.google.appinventor.buildserver.YailEvalTest" name="testListGroup2" time="0.197" />

      <testcase classname="com.google.appinventor.buildserver.YailEvalTest" name="testListGroup3" time="0.22" />

      <testcase classname="com.google.appinventor.buildserver.YailEvalTest" name="testListGroup4" time="0.206" />

      <testcase classname="com.google.appinventor.buildserver.YailEvalTest" name="testListGroup5" time="0.206" />

      <testcase classname="com.google.appinventor.buildserver.YailEvalTest" name="testForRange" time="0.214" />

      <testcase classname="com.google.appinventor.buildserver.YailEvalTest" name="testForRangeDecreasing" time="0.226" />

      <testcase classname="com.google.appinventor.buildserver.YailEvalTest" name="testForRangeConversion" time="0.237" />

      <testcase classname="com.google.appinventor.buildserver.YailEvalTest" name="testForRangeEmpty" time="0.255" />

      <testcase classname="com.google.appinventor.buildserver.YailEvalTest" name="testForRangeConversionErrorOnStartArg" time="0.211" />

      <testcase classname="com.google.appinventor.buildserver.YailEvalTest" name="testForRangeConversionErrorOnEndArg" time="0.207" />

      <testcase classname="com.google.appinventor.buildserver.YailEvalTest" name="testForRangeConversionErrorOnStepArg" time="0.229" />

      <testcase classname="com.google.appinventor.buildserver.YailEvalTest" name="testAListLookup1" time="0.22" />

      <testcase classname="com.google.appinventor.buildserver.YailEvalTest" name="testAListLookup2" time="0.226" />

      <testcase classname="com.google.appinventor.buildserver.YailEvalTest" name="testAListLookup3" time="0.258" />

      <testcase classname="com.google.appinventor.buildserver.YailEvalTest" name="testAListLookup4" time="0.227" />

      <testcase classname="com.google.appinventor.buildserver.YailEvalTest" name="testListInsertionMiddle" time="0.223" />

      <testcase classname="com.google.appinventor.buildserver.YailEvalTest" name="testListInsertionBeginning" time="0.225" />

      <testcase classname="com.google.appinventor.buildserver.YailEvalTest" name="testListInsertionEnd" time="0.251" />

      <testcase classname="com.google.appinventor.buildserver.YailEvalTest" name="testListInsertionError" time="0.272" />

      <testcase classname="com.google.appinventor.buildserver.YailEvalTest" name="testDefOfVariable" time="0.243" />

      <testcase classname="com.google.appinventor.buildserver.YailEvalTest" name="testDefOfProcedure" time="0.24" />

      <testcase classname="com.google.appinventor.buildserver.YailEvalTest" name="testTailRecursion" time="0.332" />

      <testcase classname="com.google.appinventor.buildserver.YailEvalTest" name="testLookupInPairs1" time="0.264" />

      <testcase classname="com.google.appinventor.buildserver.YailEvalTest" name="testLookupInPairs2" time="0.264" />

      <testcase classname="com.google.appinventor.buildserver.YailEvalTest" name="testIsNumber" time="0.329" />

      <testcase classname="com.google.appinventor.buildserver.YailEvalTest" name="testListGroupErrorConditions" time="0.305" />

      <testcase classname="com.google.appinventor.buildserver.YailEvalTest" name="testStringAppend" time="0.284" />

      <testcase classname="com.google.appinventor.buildserver.YailEvalTest" name="testStringStartsAt" time="0.243" />

      <testcase classname="com.google.appinventor.buildserver.YailEvalTest" name="testStringContains" time="0.241" />

      <testcase classname="com.google.appinventor.buildserver.YailEvalTest" name="testStringSplit" time="0.242" />

      <testcase classname="com.google.appinventor.buildserver.YailEvalTest" name="testStringSubstring" time="0.27" />

      <testcase classname="com.google.appinventor.buildserver.YailEvalTest" name="testStringTest1" time="0.253" />

      <testcase classname="com.google.appinventor.buildserver.YailEvalTest" name="testStringToUpperCaseForConstant" time="0.262" />

      <testcase classname="com.google.appinventor.buildserver.YailEvalTest" name="testStringToUpperCaseForExpression" time="0.288" />

      <testcase classname="com.google.appinventor.buildserver.YailEvalTest" name="testStringToLowerCaseForConstant" time="0.367" />

      <testcase classname="com.google.appinventor.buildserver.YailEvalTest" name="testStringToLowerCaseForExpression" time="0.332" />

      <testcase classname="com.google.appinventor.buildserver.YailEvalTest" name="testStringReplace" time="0.287" />

      <testcase classname="com.google.appinventor.buildserver.YailEvalTest" name="testStringIsEmpty" time="0.265" />

      <testcase classname="com.google.appinventor.buildserver.YailEvalTest" name="testMathsConvert" time="0.262" />

      <testcase classname="com.google.appinventor.buildserver.YailEvalTest" name="testMathsConvert2" time="0.263" />

      <testcase classname="com.google.appinventor.buildserver.YailEvalTest" name="testRoundToIntegerGroup" time="0.274" />

      <testcase classname="com.google.appinventor.buildserver.YailEvalTest" name="testRandomIntegerAvoidError" time="0.273" />

      <testcase classname="com.google.appinventor.buildserver.YailEvalTest" name="testSine" time="0.274" />

      <testcase classname="com.google.appinventor.buildserver.YailEvalTest" name="testCosine" time="0.788" />

      <testcase classname="com.google.appinventor.buildserver.YailEvalTest" name="testTangent" time="0.261" />

      <testcase classname="com.google.appinventor.buildserver.YailEvalTest" name="testAsin" time="0.27" />

      <testcase classname="com.google.appinventor.buildserver.YailEvalTest" name="testAcos" time="0.278" />

      <testcase classname="com.google.appinventor.buildserver.YailEvalTest" name="testAtan" time="0.281" />

      <testcase classname="com.google.appinventor.buildserver.YailEvalTest" name="testDegreesToRadians" time="0.284" />

      <testcase classname="com.google.appinventor.buildserver.YailEvalTest" name="testRadiansToDegrees" time="0.306" />

      <testcase classname="com.google.appinventor.buildserver.YailEvalTest" name="testAtan2" time="0.283" />

      <testcase classname="com.google.appinventor.buildserver.YailEvalTest" name="testIntegerDivison" time="0.306" />

      <testcase classname="com.google.appinventor.buildserver.YailEvalTest" name="testConvertToStrings" time="0.291" />

      <testcase classname="com.google.appinventor.buildserver.YailEvalTest" name="testMakeColor" time="0.309" />

      <testcase classname="com.google.appinventor.buildserver.YailEvalTest" name="testSplitColor" time="0.313" />

      <testcase classname="com.google.appinventor.buildserver.YailEvalTest" name="testExptWithSanitizedDouble" time="0.302" />

      <testcase classname="com.google.appinventor.buildserver.YailEvalTest" name="testCoerceToStringWithSanitizedFloatZero" time="0.313" />

      <testcase classname="com.google.appinventor.buildserver.YailEvalTest" name="testCoerceToStringWithSanitizedDoubleZero" time="0.331" />

      <testcase classname="com.google.appinventor.buildserver.YailEvalTest" name="testBasicKawaEval" time="0.309" />

      <testcase classname="com.google.appinventor.buildserver.YailEvalTest" name="testRandomIntegerSameArgs" time="0.351" />

      <testcase classname="com.google.appinventor.buildserver.YailEvalTest" name="testFormatAsDecimal" time="0.32" />

      <testcase classname="com.google.appinventor.buildserver.YailEvalTest" name="testFormatAsDecimalError" time="0.319" />

      <system-out><![CDATA[]]></system-out>

      <system-err><![CDATA[]]></system-err>

  </testsuite>
</testsuites>
