<?xml version="1.0" encoding="UTF-8" ?>
<testsuites>
  <testsuite errors="0" failures="0" hostname="localhost" id="0" name="MultiRegistryTest" package="com.google.appinventor.client" skipped="0" tests="2" time="0.046" timestamp="2015-12-29T19:02:00">
      <properties>
[...]
</properties>

      <testcase classname="com.google.appinventor.client.MultiRegistryTest" name="testClasses" time="0.002" />

      <testcase classname="com.google.appinventor.client.MultiRegistryTest" name="testObjects" time="0.001" />

      <system-out><![CDATA[]]></system-out>

      <system-err><![CDATA[]]></system-err>

  </testsuite>
  <testsuite errors="0" failures="0" hostname="localhost" id="1" name="RegistryTest" package="com.google.appinventor.client" skipped="0" tests="2" time="0.036" timestamp="2015-12-29T19:02:00">
      <properties>
[...]
</properties>

      <testcase classname="com.google.appinventor.client.RegistryTest" name="testClasses" time="0.003" />

      <testcase classname="com.google.appinventor.client.RegistryTest" name="testObjects" time="0.001" />

      <system-out><![CDATA[]]></system-out>

      <system-err><![CDATA[]]></system-err>

  </testsuite>
  <testsuite errors="0" failures="0" hostname="localhost" id="2" name="ComponentDatabaseTest" package="com.google.appinventor.client.editor.simple" skipped="0" tests="1" time="0.193" timestamp="2015-12-29T19:02:01">
      <properties>
[...]
</properties>

      <testcase classname="com.google.appinventor.client.editor.simple.ComponentDatabaseTest" name="testComponentDatabase" time="0.161" />

      <system-out><![CDATA[]]></system-out>

      <system-err><![CDATA[]]></system-err>

  </testsuite>
  <testsuite errors="0" failures="0" hostname="localhost" id="3" name="ListWithNoneTest" package="com.google.appinventor.client.editor.youngandroid.properties" skipped="0" tests="9" time="0.035" timestamp="2015-12-29T19:02:01">
      <properties>
[...]
</properties>

      <testcase classname="com.google.appinventor.client.editor.youngandroid.properties.ListWithNoneTest" name="testNew" time="0.001" />

      <testcase classname="com.google.appinventor.client.editor.youngandroid.properties.ListWithNoneTest" name="testAddItem" time="0.001" />

      <testcase classname="com.google.appinventor.client.editor.youngandroid.properties.ListWithNoneTest" name="testAddItemWithDifferentDisplayItem" time="0.0" />

      <testcase classname="com.google.appinventor.client.editor.youngandroid.properties.ListWithNoneTest" name="testSelectValue" time="0.0" />

      <testcase classname="com.google.appinventor.client.editor.youngandroid.properties.ListWithNoneTest" name="testRemoveValue" time="0.0" />

      <testcase classname="com.google.appinventor.client.editor.youngandroid.properties.ListWithNoneTest" name="testGetValueAtIndex" time="0.0" />

      <testcase classname="com.google.appinventor.client.editor.youngandroid.properties.ListWithNoneTest" name="testIndexOfValue" time="0.0" />

      <testcase classname="com.google.appinventor.client.editor.youngandroid.properties.ListWithNoneTest" name="testContainsValue" time="0.0" />

      <testcase classname="com.google.appinventor.client.editor.youngandroid.properties.ListWithNoneTest" name="testGetDisplayItemForValue" time="0.0" />

      <system-out><![CDATA[]]></system-out>

      <system-err><![CDATA[]]></system-err>

  </testsuite>
  <testsuite errors="0" failures="0" hostname="localhost" id="4" name="ProjectComparatorsTest" package="com.google.appinventor.client.explorer.project" skipped="0" tests="6" time="0.037" timestamp="2015-12-29T19:02:01">
      <properties>
[...]
</properties>

      <testcase classname="com.google.appinventor.client.explorer.project.ProjectComparatorsTest" name="testCompareByNameDescending" time="0.005" />

      <testcase classname="com.google.appinventor.client.explorer.project.ProjectComparatorsTest" name="testCompareByDateDescending" time="0.001" />

      <testcase classname="com.google.appinventor.client.explorer.project.ProjectComparatorsTest" name="testCompareByDateModifiedAscending" time="0.001" />

      <testcase classname="com.google.appinventor.client.explorer.project.ProjectComparatorsTest" name="testCompareByDateModifiedDescending" time="0.0" />

      <testcase classname="com.google.appinventor.client.explorer.project.ProjectComparatorsTest" name="testCompareByDateCreatedAscending" time="0.0" />

      <testcase classname="com.google.appinventor.client.explorer.project.ProjectComparatorsTest" name="testCompareByNameAscending" time="0.0" />

      <system-out><![CDATA[]]></system-out>

      <system-err><![CDATA[]]></system-err>

  </testsuite>
  <testsuite errors="0" failures="0" hostname="localhost" id="5" name="TextValidatorsTest" package="com.google.appinventor.client.youngandroid" skipped="0" tests="2" time="0.037" timestamp="2015-12-29T19:02:01">
      <properties>
[...]
</properties>

      <testcase classname="com.google.appinventor.client.youngandroid.TextValidatorsTest" name="testComponentIdentifierFilter" time="0.004" />

      <testcase classname="com.google.appinventor.client.youngandroid.TextValidatorsTest" name="testIdentifierFilter" time="0.002" />

      <system-out><![CDATA[]]></system-out>

      <system-err><![CDATA[]]></system-err>

  </testsuite>
  <testsuite errors="0" failures="0" hostname="localhost" id="6" name="DownloadServletTest" package="com.google.appinventor.server" skipped="0" tests="10" time="0.631" timestamp="2015-12-29T19:02:07">
      <properties>
[...]
</properties>

      <testcase classname="com.google.appinventor.server.DownloadServletTest" name="testDownloadProjectSourceZipWithoutTitle" time="0.143" />

      <testcase classname="com.google.appinventor.server.DownloadServletTest" name="testDownloadProjectSourceZipWithTitle" time="0.02" />

      <testcase classname="com.google.appinventor.server.DownloadServletTest" name="testDownloadProjectSourceZipWithNonExistingProject" time="0.014" />

      <testcase classname="com.google.appinventor.server.DownloadServletTest" name="testDownloadProjectOutputFileWithoutTarget" time="0.007" />

      <testcase classname="com.google.appinventor.server.DownloadServletTest" name="testDownloadProjectOutputFileWithTarget" time="0.005" />

      <testcase classname="com.google.appinventor.server.DownloadServletTest" name="testDownloadProjectOutputFileWithNonExistingProject" time="0.005" />

      <testcase classname="com.google.appinventor.server.DownloadServletTest" name="testDownloadProjectOutputFileWithNonExistingTarget" time="0.005" />

      <testcase classname="com.google.appinventor.server.DownloadServletTest" name="testDownloadFile" time="0.006" />

      <testcase classname="com.google.appinventor.server.DownloadServletTest" name="testDownloadFileWithNonExistingProject" time="0.006" />

      <testcase classname="com.google.appinventor.server.DownloadServletTest" name="testDownloadFileWithNonExistingFile" time="0.005" />

      <system-out><![CDATA[]]></system-out>

      <system-err><![CDATA[Dec 29, 2015 2:02:08 PM com.google.appinventor.server.CrashReport createAndLogError
SEVERE: null: user=1
build.version=
git.build.version=nls-845-g7b9f3ba-dirty
request.details=com.riq.MockHttpServletRequest@7fcf1934

java.lang.IllegalArgumentException
	at org.easymock.internal.MockInvocationHandler.invoke(MockInvocationHandler.java:47)
	at org.easymock.internal.ObjectMethodsFilter.invoke(ObjectMethodsFilter.java:73)
	at org.easymock.internal.ClassProxyFactory$MockMethodInterceptor.intercept(ClassProxyFactory.java:92)
	at com.google.appinventor.server.FileExporterImpl$$EnhancerByCGLIB$$5a558cfc.exportProjectSourceZip(<generated>)
	at com.google.appinventor.server.DownloadServlet.doGet(DownloadServlet.java:128)
	at com.google.appinventor.server.DownloadServletTest.testDownloadProjectSourceZipWithNonExistingProject(DownloadServletTest.java:116)
	at sun.reflect.NativeMethodAccessorImpl.invoke0(Native Method)
	at sun.reflect.NativeMethodAccessorImpl.invoke(NativeMethodAccessorImpl.java:57)
	at sun.reflect.DelegatingMethodAccessorImpl.invoke(DelegatingMethodAccessorImpl.java:43)
	at java.lang.reflect.Method.invoke(Method.java:606)
	at org.junit.internal.runners.TestMethod.invoke(TestMethod.java:66)
	at org.powermock.modules.junit4.internal.impl.PowerMockJUnit44RunnerDelegateImpl$PowerMockJUnit44MethodRunner.runTestMethod(PowerMockJUnit44RunnerDelegateImpl.java:307)
	at org.junit.internal.runners.MethodRoadie$2.run(MethodRoadie.java:86)
	at org.junit.internal.runners.MethodRoadie.runBeforesThenTestThenAfters(MethodRoadie.java:94)
	at org.powermock.modules.junit4.internal.impl.PowerMockJUnit44RunnerDelegateImpl$PowerMockJUnit44MethodRunner.executeTest(PowerMockJUnit44RunnerDelegateImpl.java:294)
	at org.powermock.modules.junit4.internal.impl.PowerMockJUnit47RunnerDelegateImpl$PowerMockJUnit47MethodRunner.executeTestInSuper(PowerMockJUnit47RunnerDelegateImpl.java:112)
	at org.powermock.modules.junit4.internal.impl.PowerMockJUnit47RunnerDelegateImpl$PowerMockJUnit47MethodRunner.executeTest(PowerMockJUnit47RunnerDelegateImpl.java:73)
	at org.powermock.modules.junit4.internal.impl.PowerMockJUnit44RunnerDelegateImpl$PowerMockJUnit44MethodRunner.runBeforesThenTestThenAfters(PowerMockJUnit44RunnerDelegateImpl.java:282)
	at org.junit.internal.runners.MethodRoadie.runTest(MethodRoadie.java:84)
	at org.junit.internal.runners.MethodRoadie.run(MethodRoadie.java:49)
	at org.powermock.modules.junit4.internal.impl.PowerMockJUnit44RunnerDelegateImpl.invokeTestMethod(PowerMockJUnit44RunnerDelegateImpl.java:207)
	at org.powermock.modules.junit4.internal.impl.PowerMockJUnit44RunnerDelegateImpl.runMethods(PowerMockJUnit44RunnerDelegateImpl.java:146)
	at org.powermock.modules.junit4.internal.impl.PowerMockJUnit44RunnerDelegateImpl$1.run(PowerMockJUnit44RunnerDelegateImpl.java:120)
	at org.junit.internal.runners.ClassRoadie.runUnprotected(ClassRoadie.java:34)
	at org.junit.internal.runners.ClassRoadie.runProtected(ClassRoadie.java:44)
	at org.powermock.modules.junit4.internal.impl.PowerMockJUnit44RunnerDelegateImpl.run(PowerMockJUnit44RunnerDelegateImpl.java:118)
	at org.powermock.modules.junit4.common.internal.impl.JUnit4TestSuiteChunkerImpl.run(JUnit4TestSuiteChunkerImpl.java:102)
	at org.powermock.modules.junit4.common.internal.impl.AbstractCommonPowerMockRunner.run(AbstractCommonPowerMockRunner.java:53)
	at junit.framework.JUnit4TestAdapter.run(JUnit4TestAdapter.java:39)
	at org.apache.tools.ant.taskdefs.optional.junit.JUnitTestRunner.run(JUnitTestRunner.java:535)
	at org.apache.tools.ant.taskdefs.optional.junit.JUnitTestRunner.launch(JUnitTestRunner.java:1182)
	at org.apache.tools.ant.taskdefs.optional.junit.JUnitTestRunner.main(JUnitTestRunner.java:1033)

Dec 29, 2015 2:02:08 PM com.google.appinventor.server.CrashReport createAndLogError
SEVERE: null: user=1
build.version=
git.build.version=nls-845-g7b9f3ba-dirty
request.details=com.riq.MockHttpServletRequest@65827638

java.lang.IllegalArgumentException
	at org.easymock.internal.MockInvocationHandler.invoke(MockInvocationHandler.java:47)
	at org.easymock.internal.ObjectMethodsFilter.invoke(ObjectMethodsFilter.java:73)
	at org.easymock.internal.ClassProxyFactory$MockMethodInterceptor.intercept(ClassProxyFactory.java:92)
	at com.google.appinventor.server.FileExporterImpl$$EnhancerByCGLIB$$5a558cfc.exportProjectOutputFile(<generated>)
	at com.google.appinventor.server.DownloadServlet.doGet(DownloadServlet.java:114)
	at com.google.appinventor.server.DownloadServletTest.testDownloadProjectOutputFileWithNonExistingProject(DownloadServletTest.java:166)
	at sun.reflect.NativeMethodAccessorImpl.invoke0(Native Method)
	at sun.reflect.NativeMethodAccessorImpl.invoke(NativeMethodAccessorImpl.java:57)
	at sun.reflect.DelegatingMethodAccessorImpl.invoke(DelegatingMethodAccessorImpl.java:43)
	at java.lang.reflect.Method.invoke(Method.java:606)
	at org.junit.internal.runners.TestMethod.invoke(TestMethod.java:66)
	at org.powermock.modules.junit4.internal.impl.PowerMockJUnit44RunnerDelegateImpl$PowerMockJUnit44MethodRunner.runTestMethod(PowerMockJUnit44RunnerDelegateImpl.java:307)
	at org.junit.internal.runners.MethodRoadie$2.run(MethodRoadie.java:86)
	at org.junit.internal.runners.MethodRoadie.runBeforesThenTestThenAfters(MethodRoadie.java:94)
	at org.powermock.modules.junit4.internal.impl.PowerMockJUnit44RunnerDelegateImpl$PowerMockJUnit44MethodRunner.executeTest(PowerMockJUnit44RunnerDelegateImpl.java:294)
	at org.powermock.modules.junit4.internal.impl.PowerMockJUnit47RunnerDelegateImpl$PowerMockJUnit47MethodRunner.executeTestInSuper(PowerMockJUnit47RunnerDelegateImpl.java:112)
	at org.powermock.modules.junit4.internal.impl.PowerMockJUnit47RunnerDelegateImpl$PowerMockJUnit47MethodRunner.executeTest(PowerMockJUnit47RunnerDelegateImpl.java:73)
	at org.powermock.modules.junit4.internal.impl.PowerMockJUnit44RunnerDelegateImpl$PowerMockJUnit44MethodRunner.runBeforesThenTestThenAfters(PowerMockJUnit44RunnerDelegateImpl.java:282)
	at org.junit.internal.runners.MethodRoadie.runTest(MethodRoadie.java:84)
	at org.junit.internal.runners.MethodRoadie.run(MethodRoadie.java:49)
	at org.powermock.modules.junit4.internal.impl.PowerMockJUnit44RunnerDelegateImpl.invokeTestMethod(PowerMockJUnit44RunnerDelegateImpl.java:207)
	at org.powermock.modules.junit4.internal.impl.PowerMockJUnit44RunnerDelegateImpl.runMethods(PowerMockJUnit44RunnerDelegateImpl.java:146)
	at org.powermock.modules.junit4.internal.impl.PowerMockJUnit44RunnerDelegateImpl$1.run(PowerMockJUnit44RunnerDelegateImpl.java:120)
	at org.junit.internal.runners.ClassRoadie.runUnprotected(ClassRoadie.java:34)
	at org.junit.internal.runners.ClassRoadie.runProtected(ClassRoadie.java:44)
	at org.powermock.modules.junit4.internal.impl.PowerMockJUnit44RunnerDelegateImpl.run(PowerMockJUnit44RunnerDelegateImpl.java:118)
	at org.powermock.modules.junit4.common.internal.impl.JUnit4TestSuiteChunkerImpl.run(JUnit4TestSuiteChunkerImpl.java:102)
	at org.powermock.modules.junit4.common.internal.impl.AbstractCommonPowerMockRunner.run(AbstractCommonPowerMockRunner.java:53)
	at junit.framework.JUnit4TestAdapter.run(JUnit4TestAdapter.java:39)
	at org.apache.tools.ant.taskdefs.optional.junit.JUnitTestRunner.run(JUnitTestRunner.java:535)
	at org.apache.tools.ant.taskdefs.optional.junit.JUnitTestRunner.launch(JUnitTestRunner.java:1182)
	at org.apache.tools.ant.taskdefs.optional.junit.JUnitTestRunner.main(JUnitTestRunner.java:1033)

Dec 29, 2015 2:02:08 PM com.google.appinventor.server.CrashReport createAndLogError
SEVERE: null: user=1
build.version=
git.build.version=nls-845-g7b9f3ba-dirty
request.details=com.riq.MockHttpServletRequest@265a7006

java.lang.IllegalArgumentException
	at org.easymock.internal.MockInvocationHandler.invoke(MockInvocationHandler.java:47)
	at org.easymock.internal.ObjectMethodsFilter.invoke(ObjectMethodsFilter.java:73)
	at org.easymock.internal.ClassProxyFactory$MockMethodInterceptor.intercept(ClassProxyFactory.java:92)
	at com.google.appinventor.server.FileExporterImpl$$EnhancerByCGLIB$$5a558cfc.exportProjectOutputFile(<generated>)
	at com.google.appinventor.server.DownloadServlet.doGet(DownloadServlet.java:114)
	at com.google.appinventor.server.DownloadServletTest.testDownloadProjectOutputFileWithNonExistingTarget(DownloadServletTest.java:184)
	at sun.reflect.NativeMethodAccessorImpl.invoke0(Native Method)
	at sun.reflect.NativeMethodAccessorImpl.invoke(NativeMethodAccessorImpl.java:57)
	at sun.reflect.DelegatingMethodAccessorImpl.invoke(DelegatingMethodAccessorImpl.java:43)
	at java.lang.reflect.Method.invoke(Method.java:606)
	at org.junit.internal.runners.TestMethod.invoke(TestMethod.java:66)
	at org.powermock.modules.junit4.internal.impl.PowerMockJUnit44RunnerDelegateImpl$PowerMockJUnit44MethodRunner.runTestMethod(PowerMockJUnit44RunnerDelegateImpl.java:307)
	at org.junit.internal.runners.MethodRoadie$2.run(MethodRoadie.java:86)
	at org.junit.internal.runners.MethodRoadie.runBeforesThenTestThenAfters(MethodRoadie.java:94)
	at org.powermock.modules.junit4.internal.impl.PowerMockJUnit44RunnerDelegateImpl$PowerMockJUnit44MethodRunner.executeTest(PowerMockJUnit44RunnerDelegateImpl.java:294)
	at org.powermock.modules.junit4.internal.impl.PowerMockJUnit47RunnerDelegateImpl$PowerMockJUnit47MethodRunner.executeTestInSuper(PowerMockJUnit47RunnerDelegateImpl.java:112)
	at org.powermock.modules.junit4.internal.impl.PowerMockJUnit47RunnerDelegateImpl$PowerMockJUnit47MethodRunner.executeTest(PowerMockJUnit47RunnerDelegateImpl.java:73)
	at org.powermock.modules.junit4.internal.impl.PowerMockJUnit44RunnerDelegateImpl$PowerMockJUnit44MethodRunner.runBeforesThenTestThenAfters(PowerMockJUnit44RunnerDelegateImpl.java:282)
	at org.junit.internal.runners.MethodRoadie.runTest(MethodRoadie.java:84)
	at org.junit.internal.runners.MethodRoadie.run(MethodRoadie.java:49)
	at org.powermock.modules.junit4.internal.impl.PowerMockJUnit44RunnerDelegateImpl.invokeTestMethod(PowerMockJUnit44RunnerDelegateImpl.java:207)
	at org.powermock.modules.junit4.internal.impl.PowerMockJUnit44RunnerDelegateImpl.runMethods(PowerMockJUnit44RunnerDelegateImpl.java:146)
	at org.powermock.modules.junit4.internal.impl.PowerMockJUnit44RunnerDelegateImpl$1.run(PowerMockJUnit44RunnerDelegateImpl.java:120)
	at org.junit.internal.runners.ClassRoadie.runUnprotected(ClassRoadie.java:34)
	at org.junit.internal.runners.ClassRoadie.runProtected(ClassRoadie.java:44)
	at org.powermock.modules.junit4.internal.impl.PowerMockJUnit44RunnerDelegateImpl.run(PowerMockJUnit44RunnerDelegateImpl.java:118)
	at org.powermock.modules.junit4.common.internal.impl.JUnit4TestSuiteChunkerImpl.run(JUnit4TestSuiteChunkerImpl.java:102)
	at org.powermock.modules.junit4.common.internal.impl.AbstractCommonPowerMockRunner.run(AbstractCommonPowerMockRunner.java:53)
	at junit.framework.JUnit4TestAdapter.run(JUnit4TestAdapter.java:39)
	at org.apache.tools.ant.taskdefs.optional.junit.JUnitTestRunner.run(JUnitTestRunner.java:535)
	at org.apache.tools.ant.taskdefs.optional.junit.JUnitTestRunner.launch(JUnitTestRunner.java:1182)
	at org.apache.tools.ant.taskdefs.optional.junit.JUnitTestRunner.main(JUnitTestRunner.java:1033)

Dec 29, 2015 2:02:08 PM com.google.appinventor.server.CrashReport createAndLogError
SEVERE: null: user=1
build.version=
git.build.version=nls-845-g7b9f3ba-dirty
request.details=com.riq.MockHttpServletRequest@461137c6

java.lang.IllegalArgumentException
	at org.easymock.internal.MockInvocationHandler.invoke(MockInvocationHandler.java:47)
	at org.easymock.internal.ObjectMethodsFilter.invoke(ObjectMethodsFilter.java:73)
	at org.easymock.internal.ClassProxyFactory$MockMethodInterceptor.intercept(ClassProxyFactory.java:92)
	at com.google.appinventor.server.FileExporterImpl$$EnhancerByCGLIB$$5a558cfc.exportFile(<generated>)
	at com.google.appinventor.server.DownloadServlet.doGet(DownloadServlet.java:199)
	at com.google.appinventor.server.DownloadServletTest.testDownloadFileWithNonExistingProject(DownloadServletTest.java:217)
	at sun.reflect.NativeMethodAccessorImpl.invoke0(Native Method)
	at sun.reflect.NativeMethodAccessorImpl.invoke(NativeMethodAccessorImpl.java:57)
	at sun.reflect.DelegatingMethodAccessorImpl.invoke(DelegatingMethodAccessorImpl.java:43)
	at java.lang.reflect.Method.invoke(Method.java:606)
	at org.junit.internal.runners.TestMethod.invoke(TestMethod.java:66)
	at org.powermock.modules.junit4.internal.impl.PowerMockJUnit44RunnerDelegateImpl$PowerMockJUnit44MethodRunner.runTestMethod(PowerMockJUnit44RunnerDelegateImpl.java:307)
	at org.junit.internal.runners.MethodRoadie$2.run(MethodRoadie.java:86)
	at org.junit.internal.runners.MethodRoadie.runBeforesThenTestThenAfters(MethodRoadie.java:94)
	at org.powermock.modules.junit4.internal.impl.PowerMockJUnit44RunnerDelegateImpl$PowerMockJUnit44MethodRunner.executeTest(PowerMockJUnit44RunnerDelegateImpl.java:294)
	at org.powermock.modules.junit4.internal.impl.PowerMockJUnit47RunnerDelegateImpl$PowerMockJUnit47MethodRunner.executeTestInSuper(PowerMockJUnit47RunnerDelegateImpl.java:112)
	at org.powermock.modules.junit4.internal.impl.PowerMockJUnit47RunnerDelegateImpl$PowerMockJUnit47MethodRunner.executeTest(PowerMockJUnit47RunnerDelegateImpl.java:73)
	at org.powermock.modules.junit4.internal.impl.PowerMockJUnit44RunnerDelegateImpl$PowerMockJUnit44MethodRunner.runBeforesThenTestThenAfters(PowerMockJUnit44RunnerDelegateImpl.java:282)
	at org.junit.internal.runners.MethodRoadie.runTest(MethodRoadie.java:84)
	at org.junit.internal.runners.MethodRoadie.run(MethodRoadie.java:49)
	at org.powermock.modules.junit4.internal.impl.PowerMockJUnit44RunnerDelegateImpl.invokeTestMethod(PowerMockJUnit44RunnerDelegateImpl.java:207)
	at org.powermock.modules.junit4.internal.impl.PowerMockJUnit44RunnerDelegateImpl.runMethods(PowerMockJUnit44RunnerDelegateImpl.java:146)
	at org.powermock.modules.junit4.internal.impl.PowerMockJUnit44RunnerDelegateImpl$1.run(PowerMockJUnit44RunnerDelegateImpl.java:120)
	at org.junit.internal.runners.ClassRoadie.runUnprotected(ClassRoadie.java:34)
	at org.junit.internal.runners.ClassRoadie.runProtected(ClassRoadie.java:44)
	at org.powermock.modules.junit4.internal.impl.PowerMockJUnit44RunnerDelegateImpl.run(PowerMockJUnit44RunnerDelegateImpl.java:118)
	at org.powermock.modules.junit4.common.internal.impl.JUnit4TestSuiteChunkerImpl.run(JUnit4TestSuiteChunkerImpl.java:102)
	at org.powermock.modules.junit4.common.internal.impl.AbstractCommonPowerMockRunner.run(AbstractCommonPowerMockRunner.java:53)
	at junit.framework.JUnit4TestAdapter.run(JUnit4TestAdapter.java:39)
	at org.apache.tools.ant.taskdefs.optional.junit.JUnitTestRunner.run(JUnitTestRunner.java:535)
	at org.apache.tools.ant.taskdefs.optional.junit.JUnitTestRunner.launch(JUnitTestRunner.java:1182)
	at org.apache.tools.ant.taskdefs.optional.junit.JUnitTestRunner.main(JUnitTestRunner.java:1033)

Dec 29, 2015 2:02:08 PM com.google.appinventor.server.CrashReport createAndLogError
SEVERE: null: user=1
build.version=
git.build.version=nls-845-g7b9f3ba-dirty
request.details=com.riq.MockHttpServletRequest@7da122

java.lang.IllegalArgumentException
	at org.easymock.internal.MockInvocationHandler.invoke(MockInvocationHandler.java:47)
	at org.easymock.internal.ObjectMethodsFilter.invoke(ObjectMethodsFilter.java:73)
	at org.easymock.internal.ClassProxyFactory$MockMethodInterceptor.intercept(ClassProxyFactory.java:92)
	at com.google.appinventor.server.FileExporterImpl$$EnhancerByCGLIB$$5a558cfc.exportFile(<generated>)
	at com.google.appinventor.server.DownloadServlet.doGet(DownloadServlet.java:199)
	at com.google.appinventor.server.DownloadServletTest.testDownloadFileWithNonExistingFile(DownloadServletTest.java:236)
	at sun.reflect.NativeMethodAccessorImpl.invoke0(Native Method)
	at sun.reflect.NativeMethodAccessorImpl.invoke(NativeMethodAccessorImpl.java:57)
	at sun.reflect.DelegatingMethodAccessorImpl.invoke(DelegatingMethodAccessorImpl.java:43)
	at java.lang.reflect.Method.invoke(Method.java:606)
	at org.junit.internal.runners.TestMethod.invoke(TestMethod.java:66)
	at org.powermock.modules.junit4.internal.impl.PowerMockJUnit44RunnerDelegateImpl$PowerMockJUnit44MethodRunner.runTestMethod(PowerMockJUnit44RunnerDelegateImpl.java:307)
	at org.junit.internal.runners.MethodRoadie$2.run(MethodRoadie.java:86)
	at org.junit.internal.runners.MethodRoadie.runBeforesThenTestThenAfters(MethodRoadie.java:94)
	at org.powermock.modules.junit4.internal.impl.PowerMockJUnit44RunnerDelegateImpl$PowerMockJUnit44MethodRunner.executeTest(PowerMockJUnit44RunnerDelegateImpl.java:294)
	at org.powermock.modules.junit4.internal.impl.PowerMockJUnit47RunnerDelegateImpl$PowerMockJUnit47MethodRunner.executeTestInSuper(PowerMockJUnit47RunnerDelegateImpl.java:112)
	at org.powermock.modules.junit4.internal.impl.PowerMockJUnit47RunnerDelegateImpl$PowerMockJUnit47MethodRunner.executeTest(PowerMockJUnit47RunnerDelegateImpl.java:73)
	at org.powermock.modules.junit4.internal.impl.PowerMockJUnit44RunnerDelegateImpl$PowerMockJUnit44MethodRunner.runBeforesThenTestThenAfters(PowerMockJUnit44RunnerDelegateImpl.java:282)
	at org.junit.internal.runners.MethodRoadie.runTest(MethodRoadie.java:84)
	at org.junit.internal.runners.MethodRoadie.run(MethodRoadie.java:49)
	at org.powermock.modules.junit4.internal.impl.PowerMockJUnit44RunnerDelegateImpl.invokeTestMethod(PowerMockJUnit44RunnerDelegateImpl.java:207)
	at org.powermock.modules.junit4.internal.impl.PowerMockJUnit44RunnerDelegateImpl.runMethods(PowerMockJUnit44RunnerDelegateImpl.java:146)
	at org.powermock.modules.junit4.internal.impl.PowerMockJUnit44RunnerDelegateImpl$1.run(PowerMockJUnit44RunnerDelegateImpl.java:120)
	at org.junit.internal.runners.ClassRoadie.runUnprotected(ClassRoadie.java:34)
	at org.junit.internal.runners.ClassRoadie.runProtected(ClassRoadie.java:44)
	at org.powermock.modules.junit4.internal.impl.PowerMockJUnit44RunnerDelegateImpl.run(PowerMockJUnit44RunnerDelegateImpl.java:118)
	at org.powermock.modules.junit4.common.internal.impl.JUnit4TestSuiteChunkerImpl.run(JUnit4TestSuiteChunkerImpl.java:102)
	at org.powermock.modules.junit4.common.internal.impl.AbstractCommonPowerMockRunner.run(AbstractCommonPowerMockRunner.java:53)
	at junit.framework.JUnit4TestAdapter.run(JUnit4TestAdapter.java:39)
	at org.apache.tools.ant.taskdefs.optional.junit.JUnitTestRunner.run(JUnitTestRunner.java:535)
	at org.apache.tools.ant.taskdefs.optional.junit.JUnitTestRunner.launch(JUnitTestRunner.java:1182)
	at org.apache.tools.ant.taskdefs.optional.junit.JUnitTestRunner.main(JUnitTestRunner.java:1033)

]]></system-err>

  </testsuite>
  <testsuite errors="0" failures="0" hostname="localhost" id="7" name="FileExporterImplTest" package="com.google.appinventor.server" skipped="0" tests="7" time="1.302" timestamp="2015-12-29T19:02:08">
      <properties>
[...]
</properties>

      <testcase classname="com.google.appinventor.server.FileExporterImplTest" name="testExportProjectSourceZipWithoutHistory" time="0.996" />

      <testcase classname="com.google.appinventor.server.FileExporterImplTest" name="testExportProjectSourceZipWithHistory" time="0.051" />

      <testcase classname="com.google.appinventor.server.FileExporterImplTest" name="testExportProjectSourceZipWithNonExistingProject" time="0.043" />

      <testcase classname="com.google.appinventor.server.FileExporterImplTest" name="testExportProjectOutputFileWithTarget" time="0.067" />

      <testcase classname="com.google.appinventor.server.FileExporterImplTest" name="testExportProjectOutputFileWithNonExistingTraget" time="0.043" />

      <testcase classname="com.google.appinventor.server.FileExporterImplTest" name="testExportFile" time="0.034" />

      <testcase classname="com.google.appinventor.server.FileExporterImplTest" name="testExportFileWithNonExistingFile" time="0.041" />

      <system-out><![CDATA[]]></system-out>

      <system-err><![CDATA[Dec 29, 2015 7:02:08 PM com.google.appinventor.server.storage.ObjectifyStorageIo <clinit>
INFO: Default GCS Bucket Configured from App Identity: app_default_bucket
Dec 29, 2015 7:02:08 PM com.google.appinventor.server.storage.ObjectifyStorageIo <init>
INFO: RetryParams: getInitialRetryDelayMillis() = 100
Dec 29, 2015 7:02:08 PM com.google.appinventor.server.storage.ObjectifyStorageIo <init>
INFO: RetryParams: getRequestTimeoutMillis() = 30000
Dec 29, 2015 7:02:08 PM com.google.appinventor.server.storage.ObjectifyStorageIo <init>
INFO: RetryParams: getRetryDelayBackoffFactor() = 2.0
Dec 29, 2015 7:02:08 PM com.google.appinventor.server.storage.ObjectifyStorageIo <init>
INFO: RetryParams: getRetryMaxAttempts() = 10
Dec 29, 2015 7:02:08 PM com.google.appinventor.server.storage.ObjectifyStorageIo <init>
INFO: RetryParams: getRetryMinAttempts() = 3
Dec 29, 2015 7:02:08 PM com.google.appinventor.server.storage.ObjectifyStorageIo <init>
INFO: RetryParams: getTotalRetryPeriodMillis() = 10000
Dec 29, 2015 7:02:09 PM com.google.appengine.api.datastore.dev.LocalDatastoreService init
INFO: Local Datastore initialized: 
	Type: Master/Slave
	Storage: In-memory
Dec 29, 2015 7:02:09 PM com.google.appengine.api.datastore.dev.LocalDatastoreService init
INFO: Local Datastore initialized: 
	Type: Master/Slave
	Storage: In-memory
Dec 29, 2015 7:02:09 PM com.google.appengine.api.datastore.dev.LocalDatastoreService init
INFO: Local Datastore initialized: 
	Type: Master/Slave
	Storage: In-memory
Dec 29, 2015 7:02:09 PM com.google.appengine.api.datastore.dev.LocalDatastoreService init
INFO: Local Datastore initialized: 
	Type: Master/Slave
	Storage: In-memory
Dec 29, 2015 7:02:09 PM com.google.appengine.api.datastore.dev.LocalDatastoreService init
INFO: Local Datastore initialized: 
	Type: Master/Slave
	Storage: In-memory
Dec 29, 2015 7:02:09 PM com.google.appengine.api.datastore.dev.LocalDatastoreService init
INFO: Local Datastore initialized: 
	Type: Master/Slave
	Storage: In-memory
Dec 29, 2015 7:02:09 PM com.google.appengine.api.datastore.dev.LocalDatastoreService init
INFO: Local Datastore initialized: 
	Type: Master/Slave
	Storage: In-memory
Dec 29, 2015 7:02:09 PM com.google.appinventor.server.CrashReport createAndLogError
SEVERE: java.io.FileNotFoundException: No data for com.yourdomain.Screen11: user=1, project=1, file=com.yourdomain.Screen11
build.version=
git.build.version=nls-845-g7b9f3ba-dirty

java.lang.RuntimeException: java.io.FileNotFoundException: No data for com.yourdomain.Screen11
	at com.google.appinventor.server.CrashReport.createAndLogError(CrashReport.java:45)
	at com.google.appinventor.server.storage.ObjectifyStorageIo.downloadRawFile(ObjectifyStorageIo.java:1773)
	at com.google.appinventor.server.FileExporterImpl.exportFile(FileExporterImpl.java:152)
	at com.google.appinventor.server.FileExporterImplTest.testExportFileWithNonExistingFile(FileExporterImplTest.java:162)
	at sun.reflect.NativeMethodAccessorImpl.invoke0(Native Method)
	at sun.reflect.NativeMethodAccessorImpl.invoke(NativeMethodAccessorImpl.java:57)
	at sun.reflect.DelegatingMethodAccessorImpl.invoke(DelegatingMethodAccessorImpl.java:43)
	at java.lang.reflect.Method.invoke(Method.java:606)
	at junit.framework.TestCase.runTest(TestCase.java:168)
	at junit.framework.TestCase.runBare(TestCase.java:134)
	at junit.framework.TestResult$1.protect(TestResult.java:110)
	at junit.framework.TestResult.runProtected(TestResult.java:128)
	at junit.framework.TestResult.run(TestResult.java:113)
	at junit.framework.TestCase.run(TestCase.java:124)
	at junit.framework.TestSuite.runTest(TestSuite.java:243)
	at junit.framework.TestSuite.run(TestSuite.java:238)
	at org.apache.tools.ant.taskdefs.optional.junit.JUnitTestRunner.run(JUnitTestRunner.java:535)
	at org.apache.tools.ant.taskdefs.optional.junit.JUnitTestRunner.launch(JUnitTestRunner.java:1182)
	at org.apache.tools.ant.taskdefs.optional.junit.JUnitTestRunner.main(JUnitTestRunner.java:1033)
Caused by: java.io.FileNotFoundException: No data for com.yourdomain.Screen11
	... 18 more

]]></system-err>

  </testsuite>
  <testsuite errors="0" failures="0" hostname="localhost" id="8" name="FileImporterImplTest" package="com.google.appinventor.server" skipped="0" tests="8" time="0.763" timestamp="2015-12-29T19:02:09">
      <properties>
[...]
</properties>

      <testcase classname="com.google.appinventor.server.FileImporterImplTest" name="testNotAValidProjectArchive" time="0.5" />

      <testcase classname="com.google.appinventor.server.FileImporterImplTest" name="testImportProject" time="0.063" />

      <testcase classname="com.google.appinventor.server.FileImporterImplTest" name="testImportProject_withAssets" time="0.102" />

      <testcase classname="com.google.appinventor.server.FileImporterImplTest" name="testProjectNameUsed" time="0.021" />

      <testcase classname="com.google.appinventor.server.FileImporterImplTest" name="testImportProject_withoutProjectHistory" time="0.019" />

      <testcase classname="com.google.appinventor.server.FileImporterImplTest" name="testImportProject_withProjectHistory" time="0.019" />

      <testcase classname="com.google.appinventor.server.FileImporterImplTest" name="testEmptyZip" time="0.007" />

      <testcase classname="com.google.appinventor.server.FileImporterImplTest" name="testBuggyZip" time="0.006" />

      <system-out><![CDATA[]]></system-out>

      <system-err><![CDATA[Dec 29, 2015 7:02:10 PM com.google.appinventor.server.storage.ObjectifyStorageIo <clinit>
INFO: Default GCS Bucket Configured from App Identity: app_default_bucket
Dec 29, 2015 7:02:10 PM com.google.appinventor.server.storage.ObjectifyStorageIo <init>
INFO: RetryParams: getInitialRetryDelayMillis() = 100
Dec 29, 2015 7:02:10 PM com.google.appinventor.server.storage.ObjectifyStorageIo <init>
INFO: RetryParams: getRequestTimeoutMillis() = 30000
Dec 29, 2015 7:02:10 PM com.google.appinventor.server.storage.ObjectifyStorageIo <init>
INFO: RetryParams: getRetryDelayBackoffFactor() = 2.0
Dec 29, 2015 7:02:10 PM com.google.appinventor.server.storage.ObjectifyStorageIo <init>
INFO: RetryParams: getRetryMaxAttempts() = 10
Dec 29, 2015 7:02:10 PM com.google.appinventor.server.storage.ObjectifyStorageIo <init>
INFO: RetryParams: getRetryMinAttempts() = 3
Dec 29, 2015 7:02:10 PM com.google.appinventor.server.storage.ObjectifyStorageIo <init>
INFO: RetryParams: getTotalRetryPeriodMillis() = 10000
Dec 29, 2015 7:02:10 PM com.google.appengine.api.datastore.dev.LocalDatastoreService init
INFO: Local Datastore initialized: 
	Type: Master/Slave
	Storage: In-memory
Dec 29, 2015 7:02:10 PM com.google.appengine.api.datastore.dev.LocalDatastoreService init
INFO: Local Datastore initialized: 
	Type: Master/Slave
	Storage: In-memory
Dec 29, 2015 7:02:10 PM com.google.appengine.api.datastore.dev.LocalDatastoreService init
INFO: Local Datastore initialized: 
	Type: Master/Slave
	Storage: In-memory
Dec 29, 2015 7:02:10 PM com.google.appengine.api.datastore.dev.LocalDatastoreService init
INFO: Local Datastore initialized: 
	Type: Master/Slave
	Storage: In-memory
Dec 29, 2015 7:02:10 PM com.google.appengine.api.datastore.dev.LocalDatastoreService init
INFO: Local Datastore initialized: 
	Type: Master/Slave
	Storage: In-memory
Dec 29, 2015 7:02:10 PM com.google.appengine.api.datastore.dev.LocalDatastoreService init
INFO: Local Datastore initialized: 
	Type: Master/Slave
	Storage: In-memory
Dec 29, 2015 7:02:10 PM com.google.appengine.api.datastore.dev.LocalDatastoreService init
INFO: Local Datastore initialized: 
	Type: Master/Slave
	Storage: In-memory
Dec 29, 2015 7:02:10 PM com.google.appengine.api.datastore.dev.LocalDatastoreService init
INFO: Local Datastore initialized: 
	Type: Master/Slave
	Storage: In-memory
]]></system-err>

  </testsuite>
  <testsuite errors="0" failures="0" hostname="localhost" id="9" name="OdeAuthFilterTest" package="com.google.appinventor.server" skipped="0" tests="2" time="0.93" timestamp="2015-12-29T19:02:11">
      <properties>
[...]
</properties>

      <testcase classname="com.google.appinventor.server.OdeAuthFilterTest" name="testDoFilterShouldNotContinueFilterChainIfNotWhitelisted" time="0.815" />

      <testcase classname="com.google.appinventor.server.OdeAuthFilterTest" name="testDoFilterShouldContinueFilterChainIfNotWhitelisted" time="0.004" />

      <system-out><![CDATA[]]></system-out>

      <system-err><![CDATA[Dec 29, 2015 7:02:11 PM com.google.appinventor.server.IdMap <init>
SEVERE: No fixid list found.
Dec 29, 2015 7:02:11 PM com.google.appinventor.server.storage.ObjectifyStorageIo <clinit>
INFO: Default GCS Bucket Configured from App Identity: app_default_bucket
Dec 29, 2015 7:02:11 PM com.google.appinventor.server.storage.ObjectifyStorageIo <init>
INFO: RetryParams: getInitialRetryDelayMillis() = 100
Dec 29, 2015 7:02:11 PM com.google.appinventor.server.storage.ObjectifyStorageIo <init>
INFO: RetryParams: getRequestTimeoutMillis() = 30000
Dec 29, 2015 7:02:11 PM com.google.appinventor.server.storage.ObjectifyStorageIo <init>
INFO: RetryParams: getRetryDelayBackoffFactor() = 2.0
Dec 29, 2015 7:02:11 PM com.google.appinventor.server.storage.ObjectifyStorageIo <init>
INFO: RetryParams: getRetryMaxAttempts() = 10
Dec 29, 2015 7:02:11 PM com.google.appinventor.server.storage.ObjectifyStorageIo <init>
INFO: RetryParams: getRetryMinAttempts() = 3
Dec 29, 2015 7:02:11 PM com.google.appinventor.server.storage.ObjectifyStorageIo <init>
INFO: RetryParams: getTotalRetryPeriodMillis() = 10000
Dec 29, 2015 7:02:11 PM com.google.appengine.api.datastore.dev.LocalDatastoreService init
INFO: Local Datastore initialized: 
	Type: Master/Slave
	Storage: In-memory
Dec 29, 2015 7:02:12 PM com.google.appengine.api.datastore.dev.LocalDatastoreService init
INFO: Local Datastore initialized: 
	Type: Master/Slave
	Storage: In-memory
]]></system-err>

  </testsuite>
  <testsuite errors="0" failures="0" hostname="localhost" id="10" name="ProjectServiceTest" package="com.google.appinventor.server" skipped="0" tests="5" time="2.435" timestamp="2015-12-29T19:02:12">
      <properties>
[...]
</properties>

      <testcase classname="com.google.appinventor.server.ProjectServiceTest" name="testProjectService" time="1.201" />

      <testcase classname="com.google.appinventor.server.ProjectServiceTest" name="testNewYoungAndroidProject" time="0.043" />

      <testcase classname="com.google.appinventor.server.ProjectServiceTest" name="testCopyProject" time="0.103" />

      <testcase classname="com.google.appinventor.server.ProjectServiceTest" name="testCreateManyYoungAndroidProjects" time="0.929" />

      <testcase classname="com.google.appinventor.server.ProjectServiceTest" name="testLoadAndStoreProjectSettings" time="0.035" />

      <system-out><![CDATA[]]></system-out>

      <system-err><![CDATA[Dec 29, 2015 7:02:13 PM com.google.appinventor.server.storage.ObjectifyStorageIo <clinit>
INFO: Default GCS Bucket Configured from App Identity: app_default_bucket
Dec 29, 2015 7:02:13 PM com.google.appinventor.server.storage.ObjectifyStorageIo <init>
INFO: RetryParams: getInitialRetryDelayMillis() = 100
Dec 29, 2015 7:02:13 PM com.google.appinventor.server.storage.ObjectifyStorageIo <init>
INFO: RetryParams: getRequestTimeoutMillis() = 30000
Dec 29, 2015 7:02:13 PM com.google.appinventor.server.storage.ObjectifyStorageIo <init>
INFO: RetryParams: getRetryDelayBackoffFactor() = 2.0
Dec 29, 2015 7:02:13 PM com.google.appinventor.server.storage.ObjectifyStorageIo <init>
INFO: RetryParams: getRetryMaxAttempts() = 10
Dec 29, 2015 7:02:13 PM com.google.appinventor.server.storage.ObjectifyStorageIo <init>
INFO: RetryParams: getRetryMinAttempts() = 3
Dec 29, 2015 7:02:13 PM com.google.appinventor.server.storage.ObjectifyStorageIo <init>
INFO: RetryParams: getTotalRetryPeriodMillis() = 10000
Dec 29, 2015 7:02:13 PM com.google.appengine.api.datastore.dev.LocalDatastoreService init
INFO: Local Datastore initialized: 
	Type: Master/Slave
	Storage: In-memory
Dec 29, 2015 7:02:14 PM com.google.appinventor.server.ProjectServiceImpl validateSessionId
INFO: storedSessionId = test-session
Dec 29, 2015 7:02:14 PM com.google.appinventor.server.ProjectServiceImpl validateSessionId
INFO: sessionId = test-session
Dec 29, 2015 7:02:14 PM com.google.appinventor.server.ProjectServiceImpl validateSessionId
INFO: storedSessionId = test-session
Dec 29, 2015 7:02:14 PM com.google.appinventor.server.ProjectServiceImpl validateSessionId
INFO: sessionId = test-session
Dec 29, 2015 7:02:14 PM com.google.appinventor.server.storage.ObjectifyStorageIo$42 run
INFO: Fetched agR0ZXN0ckkLEgtQcm9qZWN0RGF0YRgBDAsSCEZpbGVEYXRhIipzcmMvY29tL2RvbWFpbi9ub25hbWUvUHJvamVjdDEvU2NyZWVuMS5zY20M from memcache.
Dec 29, 2015 7:02:14 PM com.google.appinventor.server.ProjectServiceImpl validateSessionId
INFO: storedSessionId = test-session
Dec 29, 2015 7:02:14 PM com.google.appinventor.server.ProjectServiceImpl validateSessionId
INFO: sessionId = test-session
Dec 29, 2015 7:02:14 PM com.google.appengine.api.datastore.dev.LocalDatastoreService init
INFO: Local Datastore initialized: 
	Type: Master/Slave
	Storage: In-memory
Dec 29, 2015 7:02:14 PM com.google.appengine.api.datastore.dev.LocalDatastoreService init
INFO: Local Datastore initialized: 
	Type: Master/Slave
	Storage: In-memory
Dec 29, 2015 7:02:14 PM com.google.appengine.api.datastore.dev.LocalDatastoreService init
INFO: Local Datastore initialized: 
	Type: Master/Slave
	Storage: In-memory
Dec 29, 2015 7:02:14 PM com.google.appengine.api.datastore.dev.LocalDatastoreService init
INFO: Local Datastore initialized: 
	Type: Master/Slave
	Storage: In-memory
Dec 29, 2015 7:02:14 PM com.google.appinventor.server.storage.ObjectifyStorageIo runJobWithRetries
WARNING: Optimistic concurrency failure
java.util.ConcurrentModificationException: too much contention on these datastore entities. please try again.
	at com.google.appengine.api.datastore.DatastoreApiHelper.translateError(DatastoreApiHelper.java:48)
	at com.google.appengine.api.datastore.DatastoreApiHelper$AsyncCallWrapper.convertException(DatastoreApiHelper.java:74)
	at com.google.appengine.api.utils.FutureWrapper.get(FutureWrapper.java:96)
	at com.google.appengine.api.utils.FutureWrapper.get(FutureWrapper.java:88)
	at com.google.appengine.api.utils.FutureWrapper.get(FutureWrapper.java:88)
	at com.google.appengine.api.utils.FutureWrapper.get(FutureWrapper.java:88)
	at com.google.appengine.api.utils.FutureWrapper.get(FutureWrapper.java:88)
	at com.googlecode.objectify.cache.TriggerFuture.get(TriggerFuture.java:99)
	at com.googlecode.objectify.util.FutureHelper.quietGet(FutureHelper.java:26)
	at com.googlecode.objectify.cache.TransactionWrapper.commit(TransactionWrapper.java:44)
	at com.google.appinventor.server.storage.ObjectifyStorageIo.runJobWithRetries(ObjectifyStorageIo.java:2266)
	at com.google.appinventor.server.storage.ObjectifyStorageIo.createProject(ObjectifyStorageIo.java:584)
	at com.google.appinventor.server.project.youngandroid.YoungAndroidProjectService.newProject(YoungAndroidProjectService.java:314)
	at com.google.appinventor.server.ProjectServiceImpl.newProject(ProjectServiceImpl.java:79)
	at com.google.appinventor.server.ProjectServiceTest$1.run(ProjectServiceTest.java:426)
	at java.lang.Thread.run(Thread.java:744)

Dec 29, 2015 7:02:14 PM com.google.appinventor.server.storage.ObjectifyStorageIo runJobWithRetries
WARNING: Optimistic concurrency failure
java.util.ConcurrentModificationException: too much contention on these datastore entities. please try again.
	at com.google.appengine.api.datastore.DatastoreApiHelper.translateError(DatastoreApiHelper.java:48)
	at com.google.appengine.api.datastore.DatastoreApiHelper$AsyncCallWrapper.convertException(DatastoreApiHelper.java:74)
	at com.google.appengine.api.utils.FutureWrapper.get(FutureWrapper.java:96)
	at com.google.appengine.api.utils.FutureWrapper.get(FutureWrapper.java:88)
	at com.google.appengine.api.utils.FutureWrapper.get(FutureWrapper.java:88)
	at com.google.appengine.api.utils.FutureWrapper.get(FutureWrapper.java:88)
	at com.google.appengine.api.utils.FutureWrapper.get(FutureWrapper.java:88)
	at com.googlecode.objectify.cache.TriggerFuture.get(TriggerFuture.java:99)
	at com.googlecode.objectify.util.FutureHelper.quietGet(FutureHelper.java:26)
	at com.googlecode.objectify.cache.TransactionWrapper.commit(TransactionWrapper.java:44)
	at com.google.appinventor.server.storage.ObjectifyStorageIo.runJobWithRetries(ObjectifyStorageIo.java:2266)
	at com.google.appinventor.server.storage.ObjectifyStorageIo.createProject(ObjectifyStorageIo.java:584)
	at com.google.appinventor.server.project.youngandroid.YoungAndroidProjectService.newProject(YoungAndroidProjectService.java:314)
	at com.google.appinventor.server.ProjectServiceImpl.newProject(ProjectServiceImpl.java:79)
	at com.google.appinventor.server.ProjectServiceTest$1.run(ProjectServiceTest.java:426)
	at java.lang.Thread.run(Thread.java:744)

Dec 29, 2015 7:02:14 PM com.google.appinventor.server.storage.ObjectifyStorageIo runJobWithRetries
WARNING: Optimistic concurrency failure
java.util.ConcurrentModificationException: too much contention on these datastore entities. please try again.
	at com.google.appengine.api.datastore.DatastoreApiHelper.translateError(DatastoreApiHelper.java:48)
	at com.google.appengine.api.datastore.DatastoreApiHelper$AsyncCallWrapper.convertException(DatastoreApiHelper.java:74)
	at com.google.appengine.api.utils.FutureWrapper.get(FutureWrapper.java:96)
	at com.google.appengine.api.utils.FutureWrapper.get(FutureWrapper.java:88)
	at com.google.appengine.api.utils.FutureWrapper.get(FutureWrapper.java:88)
	at com.google.appengine.api.utils.FutureWrapper.get(FutureWrapper.java:88)
	at com.google.appengine.api.utils.FutureWrapper.get(FutureWrapper.java:88)
	at com.googlecode.objectify.cache.TriggerFuture.get(TriggerFuture.java:99)
	at com.googlecode.objectify.util.FutureHelper.quietGet(FutureHelper.java:26)
	at com.googlecode.objectify.cache.TransactionWrapper.commit(TransactionWrapper.java:44)
	at com.google.appinventor.server.storage.ObjectifyStorageIo.runJobWithRetries(ObjectifyStorageIo.java:2266)
	at com.google.appinventor.server.storage.ObjectifyStorageIo.createProject(ObjectifyStorageIo.java:584)
	at com.google.appinventor.server.project.youngandroid.YoungAndroidProjectService.newProject(YoungAndroidProjectService.java:314)
	at com.google.appinventor.server.ProjectServiceImpl.newProject(ProjectServiceImpl.java:79)
	at com.google.appinventor.server.ProjectServiceTest$1.run(ProjectServiceTest.java:426)
	at java.lang.Thread.run(Thread.java:744)

Dec 29, 2015 7:02:15 PM com.google.appinventor.server.storage.ObjectifyStorageIo runJobWithRetries
WARNING: Optimistic concurrency failure
java.util.ConcurrentModificationException: too much contention on these datastore entities. please try again.
	at com.google.appengine.api.datastore.DatastoreApiHelper.translateError(DatastoreApiHelper.java:48)
	at com.google.appengine.api.datastore.DatastoreApiHelper$AsyncCallWrapper.convertException(DatastoreApiHelper.java:74)
	at com.google.appengine.api.utils.FutureWrapper.get(FutureWrapper.java:96)
	at com.google.appengine.api.utils.FutureWrapper.get(FutureWrapper.java:88)
	at com.google.appengine.api.utils.FutureWrapper.get(FutureWrapper.java:88)
	at com.google.appengine.api.utils.FutureWrapper.get(FutureWrapper.java:88)
	at com.google.appengine.api.utils.FutureWrapper.get(FutureWrapper.java:88)
	at com.googlecode.objectify.cache.TriggerFuture.get(TriggerFuture.java:99)
	at com.googlecode.objectify.util.FutureHelper.quietGet(FutureHelper.java:26)
	at com.googlecode.objectify.cache.TransactionWrapper.commit(TransactionWrapper.java:44)
	at com.google.appinventor.server.storage.ObjectifyStorageIo.runJobWithRetries(ObjectifyStorageIo.java:2266)
	at com.google.appinventor.server.storage.ObjectifyStorageIo.createProject(ObjectifyStorageIo.java:584)
	at com.google.appinventor.server.project.youngandroid.YoungAndroidProjectService.newProject(YoungAndroidProjectService.java:314)
	at com.google.appinventor.server.ProjectServiceImpl.newProject(ProjectServiceImpl.java:79)
	at com.google.appinventor.server.ProjectServiceTest$1.run(ProjectServiceTest.java:426)
	at java.lang.Thread.run(Thread.java:744)

Dec 29, 2015 7:02:15 PM com.google.appinventor.server.storage.ObjectifyStorageIo runJobWithRetries
WARNING: Optimistic concurrency failure
java.util.ConcurrentModificationException: too much contention on these datastore entities. please try again.
	at com.google.appengine.api.datastore.DatastoreApiHelper.translateError(DatastoreApiHelper.java:48)
	at com.google.appengine.api.datastore.DatastoreApiHelper$AsyncCallWrapper.convertException(DatastoreApiHelper.java:74)
	at com.google.appengine.api.utils.FutureWrapper.get(FutureWrapper.java:96)
	at com.google.appengine.api.utils.FutureWrapper.get(FutureWrapper.java:88)
	at com.google.appengine.api.utils.FutureWrapper.get(FutureWrapper.java:88)
	at com.google.appengine.api.utils.FutureWrapper.get(FutureWrapper.java:88)
	at com.google.appengine.api.utils.FutureWrapper.get(FutureWrapper.java:88)
	at com.googlecode.objectify.cache.TriggerFuture.get(TriggerFuture.java:99)
	at com.googlecode.objectify.util.FutureHelper.quietGet(FutureHelper.java:26)
	at com.googlecode.objectify.cache.TransactionWrapper.commit(TransactionWrapper.java:44)
	at com.google.appinventor.server.storage.ObjectifyStorageIo.runJobWithRetries(ObjectifyStorageIo.java:2266)
	at com.google.appinventor.server.storage.ObjectifyStorageIo.createProject(ObjectifyStorageIo.java:584)
	at com.google.appinventor.server.project.youngandroid.YoungAndroidProjectService.newProject(YoungAndroidProjectService.java:314)
	at com.google.appinventor.server.ProjectServiceImpl.newProject(ProjectServiceImpl.java:79)
	at com.google.appinventor.server.ProjectServiceTest$1.run(ProjectServiceTest.java:426)
	at java.lang.Thread.run(Thread.java:744)

Dec 29, 2015 7:02:15 PM com.google.appinventor.server.storage.ObjectifyStorageIo runJobWithRetries
WARNING: Optimistic concurrency failure
java.util.ConcurrentModificationException: too much contention on these datastore entities. please try again.
	at com.google.appengine.api.datastore.DatastoreApiHelper.translateError(DatastoreApiHelper.java:48)
	at com.google.appengine.api.datastore.DatastoreApiHelper$AsyncCallWrapper.convertException(DatastoreApiHelper.java:74)
	at com.google.appengine.api.utils.FutureWrapper.get(FutureWrapper.java:96)
	at com.google.appengine.api.utils.FutureWrapper.get(FutureWrapper.java:88)
	at com.google.appengine.api.utils.FutureWrapper.get(FutureWrapper.java:88)
	at com.google.appengine.api.utils.FutureWrapper.get(FutureWrapper.java:88)
	at com.google.appengine.api.utils.FutureWrapper.get(FutureWrapper.java:88)
	at com.googlecode.objectify.cache.TriggerFuture.get(TriggerFuture.java:99)
	at com.googlecode.objectify.util.FutureHelper.quietGet(FutureHelper.java:26)
	at com.googlecode.objectify.cache.TransactionWrapper.commit(TransactionWrapper.java:44)
	at com.google.appinventor.server.storage.ObjectifyStorageIo.runJobWithRetries(ObjectifyStorageIo.java:2266)
	at com.google.appinventor.server.storage.ObjectifyStorageIo.createProject(ObjectifyStorageIo.java:584)
	at com.google.appinventor.server.project.youngandroid.YoungAndroidProjectService.newProject(YoungAndroidProjectService.java:314)
	at com.google.appinventor.server.ProjectServiceImpl.newProject(ProjectServiceImpl.java:79)
	at com.google.appinventor.server.ProjectServiceTest$1.run(ProjectServiceTest.java:426)
	at java.lang.Thread.run(Thread.java:744)

Dec 29, 2015 7:02:15 PM com.google.appinventor.server.storage.ObjectifyStorageIo runJobWithRetries
WARNING: Optimistic concurrency failure
java.util.ConcurrentModificationException: too much contention on these datastore entities. please try again.
	at com.google.appengine.api.datastore.DatastoreApiHelper.translateError(DatastoreApiHelper.java:48)
	at com.google.appengine.api.datastore.DatastoreApiHelper$AsyncCallWrapper.convertException(DatastoreApiHelper.java:74)
	at com.google.appengine.api.utils.FutureWrapper.get(FutureWrapper.java:96)
	at com.google.appengine.api.utils.FutureWrapper.get(FutureWrapper.java:88)
	at com.google.appengine.api.utils.FutureWrapper.get(FutureWrapper.java:88)
	at com.google.appengine.api.utils.FutureWrapper.get(FutureWrapper.java:88)
	at com.google.appengine.api.utils.FutureWrapper.get(FutureWrapper.java:88)
	at com.googlecode.objectify.cache.TriggerFuture.get(TriggerFuture.java:99)
	at com.googlecode.objectify.util.FutureHelper.quietGet(FutureHelper.java:26)
	at com.googlecode.objectify.cache.TransactionWrapper.commit(TransactionWrapper.java:44)
	at com.google.appinventor.server.storage.ObjectifyStorageIo.runJobWithRetries(ObjectifyStorageIo.java:2266)
	at com.google.appinventor.server.storage.ObjectifyStorageIo.createProject(ObjectifyStorageIo.java:584)
	at com.google.appinventor.server.project.youngandroid.YoungAndroidProjectService.newProject(YoungAndroidProjectService.java:314)
	at com.google.appinventor.server.ProjectServiceImpl.newProject(ProjectServiceImpl.java:79)
	at com.google.appinventor.server.ProjectServiceTest$1.run(ProjectServiceTest.java:426)
	at java.lang.Thread.run(Thread.java:744)

Dec 29, 2015 7:02:15 PM com.google.appinventor.server.storage.ObjectifyStorageIo runJobWithRetries
WARNING: Optimistic concurrency failure
java.util.ConcurrentModificationException: too much contention on these datastore entities. please try again.
	at com.google.appengine.api.datastore.DatastoreApiHelper.translateError(DatastoreApiHelper.java:48)
	at com.google.appengine.api.datastore.DatastoreApiHelper$AsyncCallWrapper.convertException(DatastoreApiHelper.java:74)
	at com.google.appengine.api.utils.FutureWrapper.get(FutureWrapper.java:96)
	at com.google.appengine.api.utils.FutureWrapper.get(FutureWrapper.java:88)
	at com.google.appengine.api.utils.FutureWrapper.get(FutureWrapper.java:88)
	at com.google.appengine.api.utils.FutureWrapper.get(FutureWrapper.java:88)
	at com.google.appengine.api.utils.FutureWrapper.get(FutureWrapper.java:88)
	at com.googlecode.objectify.cache.TriggerFuture.get(TriggerFuture.java:99)
	at com.googlecode.objectify.util.FutureHelper.quietGet(FutureHelper.java:26)
	at com.googlecode.objectify.cache.TransactionWrapper.commit(TransactionWrapper.java:44)
	at com.google.appinventor.server.storage.ObjectifyStorageIo.runJobWithRetries(ObjectifyStorageIo.java:2266)
	at com.google.appinventor.server.storage.ObjectifyStorageIo.createProject(ObjectifyStorageIo.java:584)
	at com.google.appinventor.server.project.youngandroid.YoungAndroidProjectService.newProject(YoungAndroidProjectService.java:314)
	at com.google.appinventor.server.ProjectServiceImpl.newProject(ProjectServiceImpl.java:79)
	at com.google.appinventor.server.ProjectServiceTest$1.run(ProjectServiceTest.java:426)
	at java.lang.Thread.run(Thread.java:744)

Dec 29, 2015 7:02:15 PM com.google.appinventor.server.storage.ObjectifyStorageIo runJobWithRetries
WARNING: Optimistic concurrency failure
java.util.ConcurrentModificationException: too much contention on these datastore entities. please try again.
	at com.google.appengine.api.datastore.DatastoreApiHelper.translateError(DatastoreApiHelper.java:48)
	at com.google.appengine.api.datastore.DatastoreApiHelper$AsyncCallWrapper.convertException(DatastoreApiHelper.java:74)
	at com.google.appengine.api.utils.FutureWrapper.get(FutureWrapper.java:96)
	at com.google.appengine.api.utils.FutureWrapper.get(FutureWrapper.java:88)
	at com.google.appengine.api.utils.FutureWrapper.get(FutureWrapper.java:88)
	at com.google.appengine.api.utils.FutureWrapper.get(FutureWrapper.java:88)
	at com.google.appengine.api.utils.FutureWrapper.get(FutureWrapper.java:88)
	at com.googlecode.objectify.cache.TriggerFuture.get(TriggerFuture.java:99)
	at com.googlecode.objectify.util.FutureHelper.quietGet(FutureHelper.java:26)
	at com.googlecode.objectify.cache.TransactionWrapper.commit(TransactionWrapper.java:44)
	at com.google.appinventor.server.storage.ObjectifyStorageIo.runJobWithRetries(ObjectifyStorageIo.java:2266)
	at com.google.appinventor.server.storage.ObjectifyStorageIo.createProject(ObjectifyStorageIo.java:584)
	at com.google.appinventor.server.project.youngandroid.YoungAndroidProjectService.newProject(YoungAndroidProjectService.java:314)
	at com.google.appinventor.server.ProjectServiceImpl.newProject(ProjectServiceImpl.java:79)
	at com.google.appinventor.server.ProjectServiceTest$1.run(ProjectServiceTest.java:426)
	at java.lang.Thread.run(Thread.java:744)

Dec 29, 2015 7:02:15 PM com.google.appinventor.server.storage.ObjectifyStorageIo runJobWithRetries
WARNING: Optimistic concurrency failure
java.util.ConcurrentModificationException: too much contention on these datastore entities. please try again.
	at com.google.appengine.api.datastore.DatastoreApiHelper.translateError(DatastoreApiHelper.java:48)
	at com.google.appengine.api.datastore.DatastoreApiHelper$AsyncCallWrapper.convertException(DatastoreApiHelper.java:74)
	at com.google.appengine.api.utils.FutureWrapper.get(FutureWrapper.java:96)
	at com.google.appengine.api.utils.FutureWrapper.get(FutureWrapper.java:88)
	at com.google.appengine.api.utils.FutureWrapper.get(FutureWrapper.java:88)
	at com.google.appengine.api.utils.FutureWrapper.get(FutureWrapper.java:88)
	at com.google.appengine.api.utils.FutureWrapper.get(FutureWrapper.java:88)
	at com.googlecode.objectify.cache.TriggerFuture.get(TriggerFuture.java:99)
	at com.googlecode.objectify.util.FutureHelper.quietGet(FutureHelper.java:26)
	at com.googlecode.objectify.cache.TransactionWrapper.commit(TransactionWrapper.java:44)
	at com.google.appinventor.server.storage.ObjectifyStorageIo.runJobWithRetries(ObjectifyStorageIo.java:2266)
	at com.google.appinventor.server.storage.ObjectifyStorageIo.createProject(ObjectifyStorageIo.java:584)
	at com.google.appinventor.server.project.youngandroid.YoungAndroidProjectService.newProject(YoungAndroidProjectService.java:314)
	at com.google.appinventor.server.ProjectServiceImpl.newProject(ProjectServiceImpl.java:79)
	at com.google.appinventor.server.ProjectServiceTest$1.run(ProjectServiceTest.java:426)
	at java.lang.Thread.run(Thread.java:744)

Dec 29, 2015 7:02:15 PM com.google.appinventor.server.storage.ObjectifyStorageIo runJobWithRetries
WARNING: Optimistic concurrency failure
java.util.ConcurrentModificationException: too much contention on these datastore entities. please try again.
	at com.google.appengine.api.datastore.DatastoreApiHelper.translateError(DatastoreApiHelper.java:48)
	at com.google.appengine.api.datastore.DatastoreApiHelper$AsyncCallWrapper.convertException(DatastoreApiHelper.java:74)
	at com.google.appengine.api.utils.FutureWrapper.get(FutureWrapper.java:96)
	at com.google.appengine.api.utils.FutureWrapper.get(FutureWrapper.java:88)
	at com.google.appengine.api.utils.FutureWrapper.get(FutureWrapper.java:88)
	at com.google.appengine.api.utils.FutureWrapper.get(FutureWrapper.java:88)
	at com.google.appengine.api.utils.FutureWrapper.get(FutureWrapper.java:88)
	at com.googlecode.objectify.cache.TriggerFuture.get(TriggerFuture.java:99)
	at com.googlecode.objectify.util.FutureHelper.quietGet(FutureHelper.java:26)
	at com.googlecode.objectify.cache.TransactionWrapper.commit(TransactionWrapper.java:44)
	at com.google.appinventor.server.storage.ObjectifyStorageIo.runJobWithRetries(ObjectifyStorageIo.java:2266)
	at com.google.appinventor.server.storage.ObjectifyStorageIo.createProject(ObjectifyStorageIo.java:584)
	at com.google.appinventor.server.project.youngandroid.YoungAndroidProjectService.newProject(YoungAndroidProjectService.java:314)
	at com.google.appinventor.server.ProjectServiceImpl.newProject(ProjectServiceImpl.java:79)
	at com.google.appinventor.server.ProjectServiceTest$1.run(ProjectServiceTest.java:426)
	at java.lang.Thread.run(Thread.java:744)

Dec 29, 2015 7:02:15 PM com.google.appinventor.server.storage.ObjectifyStorageIo runJobWithRetries
WARNING: Optimistic concurrency failure
java.util.ConcurrentModificationException: too much contention on these datastore entities. please try again.
	at com.google.appengine.api.datastore.DatastoreApiHelper.translateError(DatastoreApiHelper.java:48)
	at com.google.appengine.api.datastore.DatastoreApiHelper$AsyncCallWrapper.convertException(DatastoreApiHelper.java:74)
	at com.google.appengine.api.utils.FutureWrapper.get(FutureWrapper.java:96)
	at com.google.appengine.api.utils.FutureWrapper.get(FutureWrapper.java:88)
	at com.google.appengine.api.utils.FutureWrapper.get(FutureWrapper.java:88)
	at com.google.appengine.api.utils.FutureWrapper.get(FutureWrapper.java:88)
	at com.google.appengine.api.utils.FutureWrapper.get(FutureWrapper.java:88)
	at com.googlecode.objectify.cache.TriggerFuture.get(TriggerFuture.java:99)
	at com.googlecode.objectify.util.FutureHelper.quietGet(FutureHelper.java:26)
	at com.googlecode.objectify.cache.TransactionWrapper.commit(TransactionWrapper.java:44)
	at com.google.appinventor.server.storage.ObjectifyStorageIo.runJobWithRetries(ObjectifyStorageIo.java:2266)
	at com.google.appinventor.server.storage.ObjectifyStorageIo.createProject(ObjectifyStorageIo.java:584)
	at com.google.appinventor.server.project.youngandroid.YoungAndroidProjectService.newProject(YoungAndroidProjectService.java:314)
	at com.google.appinventor.server.ProjectServiceImpl.newProject(ProjectServiceImpl.java:79)
	at com.google.appinventor.server.ProjectServiceTest$1.run(ProjectServiceTest.java:426)
	at java.lang.Thread.run(Thread.java:744)

Dec 29, 2015 7:02:15 PM com.google.appinventor.server.storage.ObjectifyStorageIo runJobWithRetries
WARNING: Optimistic concurrency failure
java.util.ConcurrentModificationException: too much contention on these datastore entities. please try again.
	at com.google.appengine.api.datastore.DatastoreApiHelper.translateError(DatastoreApiHelper.java:48)
	at com.google.appengine.api.datastore.DatastoreApiHelper$AsyncCallWrapper.convertException(DatastoreApiHelper.java:74)
	at com.google.appengine.api.utils.FutureWrapper.get(FutureWrapper.java:96)
	at com.google.appengine.api.utils.FutureWrapper.get(FutureWrapper.java:88)
	at com.google.appengine.api.utils.FutureWrapper.get(FutureWrapper.java:88)
	at com.google.appengine.api.utils.FutureWrapper.get(FutureWrapper.java:88)
	at com.google.appengine.api.utils.FutureWrapper.get(FutureWrapper.java:88)
	at com.googlecode.objectify.cache.TriggerFuture.get(TriggerFuture.java:99)
	at com.googlecode.objectify.util.FutureHelper.quietGet(FutureHelper.java:26)
	at com.googlecode.objectify.cache.TransactionWrapper.commit(TransactionWrapper.java:44)
	at com.google.appinventor.server.storage.ObjectifyStorageIo.runJobWithRetries(ObjectifyStorageIo.java:2266)
	at com.google.appinventor.server.storage.ObjectifyStorageIo.createProject(ObjectifyStorageIo.java:584)
	at com.google.appinventor.server.project.youngandroid.YoungAndroidProjectService.newProject(YoungAndroidProjectService.java:314)
	at com.google.appinventor.server.ProjectServiceImpl.newProject(ProjectServiceImpl.java:79)
	at com.google.appinventor.server.ProjectServiceTest$1.run(ProjectServiceTest.java:426)
	at java.lang.Thread.run(Thread.java:744)

Dec 29, 2015 7:02:15 PM com.google.appinventor.server.storage.ObjectifyStorageIo runJobWithRetries
WARNING: Optimistic concurrency failure
java.util.ConcurrentModificationException: too much contention on these datastore entities. please try again.
	at com.google.appengine.api.datastore.DatastoreApiHelper.translateError(DatastoreApiHelper.java:48)
	at com.google.appengine.api.datastore.DatastoreApiHelper$AsyncCallWrapper.convertException(DatastoreApiHelper.java:74)
	at com.google.appengine.api.utils.FutureWrapper.get(FutureWrapper.java:96)
	at com.google.appengine.api.utils.FutureWrapper.get(FutureWrapper.java:88)
	at com.google.appengine.api.utils.FutureWrapper.get(FutureWrapper.java:88)
	at com.google.appengine.api.utils.FutureWrapper.get(FutureWrapper.java:88)
	at com.google.appengine.api.utils.FutureWrapper.get(FutureWrapper.java:88)
	at com.googlecode.objectify.cache.TriggerFuture.get(TriggerFuture.java:99)
	at com.googlecode.objectify.util.FutureHelper.quietGet(FutureHelper.java:26)
	at com.googlecode.objectify.cache.TransactionWrapper.commit(TransactionWrapper.java:44)
	at com.google.appinventor.server.storage.ObjectifyStorageIo.runJobWithRetries(ObjectifyStorageIo.java:2266)
	at com.google.appinventor.server.storage.ObjectifyStorageIo.createProject(ObjectifyStorageIo.java:584)
	at com.google.appinventor.server.project.youngandroid.YoungAndroidProjectService.newProject(YoungAndroidProjectService.java:314)
	at com.google.appinventor.server.ProjectServiceImpl.newProject(ProjectServiceImpl.java:79)
	at com.google.appinventor.server.ProjectServiceTest$1.run(ProjectServiceTest.java:426)
	at java.lang.Thread.run(Thread.java:744)

Dec 29, 2015 7:02:15 PM com.google.appinventor.server.storage.ObjectifyStorageIo runJobWithRetries
WARNING: Optimistic concurrency failure
java.util.ConcurrentModificationException: too much contention on these datastore entities. please try again.
	at com.google.appengine.api.datastore.DatastoreApiHelper.translateError(DatastoreApiHelper.java:48)
	at com.google.appengine.api.datastore.DatastoreApiHelper$AsyncCallWrapper.convertException(DatastoreApiHelper.java:74)
	at com.google.appengine.api.utils.FutureWrapper.get(FutureWrapper.java:96)
	at com.google.appengine.api.utils.FutureWrapper.get(FutureWrapper.java:88)
	at com.google.appengine.api.utils.FutureWrapper.get(FutureWrapper.java:88)
	at com.google.appengine.api.utils.FutureWrapper.get(FutureWrapper.java:88)
	at com.google.appengine.api.utils.FutureWrapper.get(FutureWrapper.java:88)
	at com.googlecode.objectify.cache.TriggerFuture.get(TriggerFuture.java:99)
	at com.googlecode.objectify.util.FutureHelper.quietGet(FutureHelper.java:26)
	at com.googlecode.objectify.cache.TransactionWrapper.commit(TransactionWrapper.java:44)
	at com.google.appinventor.server.storage.ObjectifyStorageIo.runJobWithRetries(ObjectifyStorageIo.java:2266)
	at com.google.appinventor.server.storage.ObjectifyStorageIo.createProject(ObjectifyStorageIo.java:584)
	at com.google.appinventor.server.project.youngandroid.YoungAndroidProjectService.newProject(YoungAndroidProjectService.java:314)
	at com.google.appinventor.server.ProjectServiceImpl.newProject(ProjectServiceImpl.java:79)
	at com.google.appinventor.server.ProjectServiceTest$1.run(ProjectServiceTest.java:426)
	at java.lang.Thread.run(Thread.java:744)

Dec 29, 2015 7:02:15 PM com.google.appinventor.server.storage.ObjectifyStorageIo runJobWithRetries
WARNING: Optimistic concurrency failure
java.util.ConcurrentModificationException: too much contention on these datastore entities. please try again.
	at com.google.appengine.api.datastore.DatastoreApiHelper.translateError(DatastoreApiHelper.java:48)
	at com.google.appengine.api.datastore.DatastoreApiHelper$AsyncCallWrapper.convertException(DatastoreApiHelper.java:74)
	at com.google.appengine.api.utils.FutureWrapper.get(FutureWrapper.java:96)
	at com.google.appengine.api.utils.FutureWrapper.get(FutureWrapper.java:88)
	at com.google.appengine.api.utils.FutureWrapper.get(FutureWrapper.java:88)
	at com.google.appengine.api.utils.FutureWrapper.get(FutureWrapper.java:88)
	at com.google.appengine.api.utils.FutureWrapper.get(FutureWrapper.java:88)
	at com.googlecode.objectify.cache.TriggerFuture.get(TriggerFuture.java:99)
	at com.googlecode.objectify.util.FutureHelper.quietGet(FutureHelper.java:26)
	at com.googlecode.objectify.cache.TransactionWrapper.commit(TransactionWrapper.java:44)
	at com.google.appinventor.server.storage.ObjectifyStorageIo.runJobWithRetries(ObjectifyStorageIo.java:2266)
	at com.google.appinventor.server.storage.ObjectifyStorageIo.createProject(ObjectifyStorageIo.java:584)
	at com.google.appinventor.server.project.youngandroid.YoungAndroidProjectService.newProject(YoungAndroidProjectService.java:314)
	at com.google.appinventor.server.ProjectServiceImpl.newProject(ProjectServiceImpl.java:79)
	at com.google.appinventor.server.ProjectServiceTest$1.run(ProjectServiceTest.java:426)
	at java.lang.Thread.run(Thread.java:744)

Dec 29, 2015 7:02:15 PM com.google.appinventor.server.storage.ObjectifyStorageIo runJobWithRetries
WARNING: Optimistic concurrency failure
java.util.ConcurrentModificationException: too much contention on these datastore entities. please try again.
	at com.google.appengine.api.datastore.DatastoreApiHelper.translateError(DatastoreApiHelper.java:48)
	at com.google.appengine.api.datastore.DatastoreApiHelper$AsyncCallWrapper.convertException(DatastoreApiHelper.java:74)
	at com.google.appengine.api.utils.FutureWrapper.get(FutureWrapper.java:96)
	at com.google.appengine.api.utils.FutureWrapper.get(FutureWrapper.java:88)
	at com.google.appengine.api.utils.FutureWrapper.get(FutureWrapper.java:88)
	at com.google.appengine.api.utils.FutureWrapper.get(FutureWrapper.java:88)
	at com.google.appengine.api.utils.FutureWrapper.get(FutureWrapper.java:88)
	at com.googlecode.objectify.cache.TriggerFuture.get(TriggerFuture.java:99)
	at com.googlecode.objectify.util.FutureHelper.quietGet(FutureHelper.java:26)
	at com.googlecode.objectify.cache.TransactionWrapper.commit(TransactionWrapper.java:44)
	at com.google.appinventor.server.storage.ObjectifyStorageIo.runJobWithRetries(ObjectifyStorageIo.java:2266)
	at com.google.appinventor.server.storage.ObjectifyStorageIo.createProject(ObjectifyStorageIo.java:584)
	at com.google.appinventor.server.project.youngandroid.YoungAndroidProjectService.newProject(YoungAndroidProjectService.java:314)
	at com.google.appinventor.server.ProjectServiceImpl.newProject(ProjectServiceImpl.java:79)
	at com.google.appinventor.server.ProjectServiceTest$1.run(ProjectServiceTest.java:426)
	at java.lang.Thread.run(Thread.java:744)

Dec 29, 2015 7:02:15 PM com.google.appinventor.server.storage.ObjectifyStorageIo runJobWithRetries
WARNING: Optimistic concurrency failure
java.util.ConcurrentModificationException: too much contention on these datastore entities. please try again.
	at com.google.appengine.api.datastore.DatastoreApiHelper.translateError(DatastoreApiHelper.java:48)
	at com.google.appengine.api.datastore.DatastoreApiHelper$AsyncCallWrapper.convertException(DatastoreApiHelper.java:74)
	at com.google.appengine.api.utils.FutureWrapper.get(FutureWrapper.java:96)
	at com.google.appengine.api.utils.FutureWrapper.get(FutureWrapper.java:88)
	at com.google.appengine.api.utils.FutureWrapper.get(FutureWrapper.java:88)
	at com.google.appengine.api.utils.FutureWrapper.get(FutureWrapper.java:88)
	at com.google.appengine.api.utils.FutureWrapper.get(FutureWrapper.java:88)
	at com.googlecode.objectify.cache.TriggerFuture.get(TriggerFuture.java:99)
	at com.googlecode.objectify.util.FutureHelper.quietGet(FutureHelper.java:26)
	at com.googlecode.objectify.cache.TransactionWrapper.commit(TransactionWrapper.java:44)
	at com.google.appinventor.server.storage.ObjectifyStorageIo.runJobWithRetries(ObjectifyStorageIo.java:2266)
	at com.google.appinventor.server.storage.ObjectifyStorageIo.createProject(ObjectifyStorageIo.java:584)
	at com.google.appinventor.server.project.youngandroid.YoungAndroidProjectService.newProject(YoungAndroidProjectService.java:314)
	at com.google.appinventor.server.ProjectServiceImpl.newProject(ProjectServiceImpl.java:79)
	at com.google.appinventor.server.ProjectServiceTest$1.run(ProjectServiceTest.java:426)
	at java.lang.Thread.run(Thread.java:744)

Dec 29, 2015 7:02:15 PM com.google.appinventor.server.storage.ObjectifyStorageIo runJobWithRetries
WARNING: Optimistic concurrency failure
java.util.ConcurrentModificationException: too much contention on these datastore entities. please try again.
	at com.google.appengine.api.datastore.DatastoreApiHelper.translateError(DatastoreApiHelper.java:48)
	at com.google.appengine.api.datastore.DatastoreApiHelper$AsyncCallWrapper.convertException(DatastoreApiHelper.java:74)
	at com.google.appengine.api.utils.FutureWrapper.get(FutureWrapper.java:96)
	at com.google.appengine.api.utils.FutureWrapper.get(FutureWrapper.java:88)
	at com.google.appengine.api.utils.FutureWrapper.get(FutureWrapper.java:88)
	at com.google.appengine.api.utils.FutureWrapper.get(FutureWrapper.java:88)
	at com.google.appengine.api.utils.FutureWrapper.get(FutureWrapper.java:88)
	at com.googlecode.objectify.cache.TriggerFuture.get(TriggerFuture.java:99)
	at com.googlecode.objectify.util.FutureHelper.quietGet(FutureHelper.java:26)
	at com.googlecode.objectify.cache.TransactionWrapper.commit(TransactionWrapper.java:44)
	at com.google.appinventor.server.storage.ObjectifyStorageIo.runJobWithRetries(ObjectifyStorageIo.java:2266)
	at com.google.appinventor.server.storage.ObjectifyStorageIo.createProject(ObjectifyStorageIo.java:584)
	at com.google.appinventor.server.project.youngandroid.YoungAndroidProjectService.newProject(YoungAndroidProjectService.java:314)
	at com.google.appinventor.server.ProjectServiceImpl.newProject(ProjectServiceImpl.java:79)
	at com.google.appinventor.server.ProjectServiceTest$1.run(ProjectServiceTest.java:426)
	at java.lang.Thread.run(Thread.java:744)

Dec 29, 2015 7:02:15 PM com.google.appinventor.server.storage.ObjectifyStorageIo runJobWithRetries
WARNING: Optimistic concurrency failure
java.util.ConcurrentModificationException: too much contention on these datastore entities. please try again.
	at com.google.appengine.api.datastore.DatastoreApiHelper.translateError(DatastoreApiHelper.java:48)
	at com.google.appengine.api.datastore.DatastoreApiHelper$AsyncCallWrapper.convertException(DatastoreApiHelper.java:74)
	at com.google.appengine.api.utils.FutureWrapper.get(FutureWrapper.java:96)
	at com.google.appengine.api.utils.FutureWrapper.get(FutureWrapper.java:88)
	at com.google.appengine.api.utils.FutureWrapper.get(FutureWrapper.java:88)
	at com.google.appengine.api.utils.FutureWrapper.get(FutureWrapper.java:88)
	at com.google.appengine.api.utils.FutureWrapper.get(FutureWrapper.java:88)
	at com.googlecode.objectify.cache.TriggerFuture.get(TriggerFuture.java:99)
	at com.googlecode.objectify.util.FutureHelper.quietGet(FutureHelper.java:26)
	at com.googlecode.objectify.cache.TransactionWrapper.commit(TransactionWrapper.java:44)
	at com.google.appinventor.server.storage.ObjectifyStorageIo.runJobWithRetries(ObjectifyStorageIo.java:2266)
	at com.google.appinventor.server.storage.ObjectifyStorageIo.createProject(ObjectifyStorageIo.java:584)
	at com.google.appinventor.server.project.youngandroid.YoungAndroidProjectService.newProject(YoungAndroidProjectService.java:314)
	at com.google.appinventor.server.ProjectServiceImpl.newProject(ProjectServiceImpl.java:79)
	at com.google.appinventor.server.ProjectServiceTest$1.run(ProjectServiceTest.java:426)
	at java.lang.Thread.run(Thread.java:744)

Dec 29, 2015 7:02:15 PM com.google.appinventor.server.storage.ObjectifyStorageIo runJobWithRetries
WARNING: Optimistic concurrency failure
java.util.ConcurrentModificationException: too much contention on these datastore entities. please try again.
	at com.google.appengine.api.datastore.DatastoreApiHelper.translateError(DatastoreApiHelper.java:48)
	at com.google.appengine.api.datastore.DatastoreApiHelper$AsyncCallWrapper.convertException(DatastoreApiHelper.java:74)
	at com.google.appengine.api.utils.FutureWrapper.get(FutureWrapper.java:96)
	at com.google.appengine.api.utils.FutureWrapper.get(FutureWrapper.java:88)
	at com.google.appengine.api.utils.FutureWrapper.get(FutureWrapper.java:88)
	at com.google.appengine.api.utils.FutureWrapper.get(FutureWrapper.java:88)
	at com.google.appengine.api.utils.FutureWrapper.get(FutureWrapper.java:88)
	at com.googlecode.objectify.cache.TriggerFuture.get(TriggerFuture.java:99)
	at com.googlecode.objectify.util.FutureHelper.quietGet(FutureHelper.java:26)
	at com.googlecode.objectify.cache.TransactionWrapper.commit(TransactionWrapper.java:44)
	at com.google.appinventor.server.storage.ObjectifyStorageIo.runJobWithRetries(ObjectifyStorageIo.java:2266)
	at com.google.appinventor.server.storage.ObjectifyStorageIo.createProject(ObjectifyStorageIo.java:584)
	at com.google.appinventor.server.project.youngandroid.YoungAndroidProjectService.newProject(YoungAndroidProjectService.java:314)
	at com.google.appinventor.server.ProjectServiceImpl.newProject(ProjectServiceImpl.java:79)
	at com.google.appinventor.server.ProjectServiceTest$1.run(ProjectServiceTest.java:426)
	at java.lang.Thread.run(Thread.java:744)

Dec 29, 2015 7:02:15 PM com.google.appinventor.server.storage.ObjectifyStorageIo runJobWithRetries
WARNING: Optimistic concurrency failure
java.util.ConcurrentModificationException: too much contention on these datastore entities. please try again.
	at com.google.appengine.api.datastore.DatastoreApiHelper.translateError(DatastoreApiHelper.java:48)
	at com.google.appengine.api.datastore.DatastoreApiHelper$AsyncCallWrapper.convertException(DatastoreApiHelper.java:74)
	at com.google.appengine.api.utils.FutureWrapper.get(FutureWrapper.java:96)
	at com.google.appengine.api.utils.FutureWrapper.get(FutureWrapper.java:88)
	at com.google.appengine.api.utils.FutureWrapper.get(FutureWrapper.java:88)
	at com.google.appengine.api.utils.FutureWrapper.get(FutureWrapper.java:88)
	at com.google.appengine.api.utils.FutureWrapper.get(FutureWrapper.java:88)
	at com.googlecode.objectify.cache.TriggerFuture.get(TriggerFuture.java:99)
	at com.googlecode.objectify.util.FutureHelper.quietGet(FutureHelper.java:26)
	at com.googlecode.objectify.cache.TransactionWrapper.commit(TransactionWrapper.java:44)
	at com.google.appinventor.server.storage.ObjectifyStorageIo.runJobWithRetries(ObjectifyStorageIo.java:2266)
	at com.google.appinventor.server.storage.ObjectifyStorageIo.createProject(ObjectifyStorageIo.java:584)
	at com.google.appinventor.server.project.youngandroid.YoungAndroidProjectService.newProject(YoungAndroidProjectService.java:314)
	at com.google.appinventor.server.ProjectServiceImpl.newProject(ProjectServiceImpl.java:79)
	at com.google.appinventor.server.ProjectServiceTest$1.run(ProjectServiceTest.java:426)
	at java.lang.Thread.run(Thread.java:744)

Dec 29, 2015 7:02:15 PM com.google.appinventor.server.storage.ObjectifyStorageIo runJobWithRetries
WARNING: Optimistic concurrency failure
java.util.ConcurrentModificationException: too much contention on these datastore entities. please try again.
	at com.google.appengine.api.datastore.DatastoreApiHelper.translateError(DatastoreApiHelper.java:48)
	at com.google.appengine.api.datastore.DatastoreApiHelper$AsyncCallWrapper.convertException(DatastoreApiHelper.java:74)
	at com.google.appengine.api.utils.FutureWrapper.get(FutureWrapper.java:96)
	at com.google.appengine.api.utils.FutureWrapper.get(FutureWrapper.java:88)
	at com.google.appengine.api.utils.FutureWrapper.get(FutureWrapper.java:88)
	at com.google.appengine.api.utils.FutureWrapper.get(FutureWrapper.java:88)
	at com.google.appengine.api.utils.FutureWrapper.get(FutureWrapper.java:88)
	at com.googlecode.objectify.cache.TriggerFuture.get(TriggerFuture.java:99)
	at com.googlecode.objectify.util.FutureHelper.quietGet(FutureHelper.java:26)
	at com.googlecode.objectify.cache.TransactionWrapper.commit(TransactionWrapper.java:44)
	at com.google.appinventor.server.storage.ObjectifyStorageIo.runJobWithRetries(ObjectifyStorageIo.java:2266)
	at com.google.appinventor.server.storage.ObjectifyStorageIo.createProject(ObjectifyStorageIo.java:584)
	at com.google.appinventor.server.project.youngandroid.YoungAndroidProjectService.newProject(YoungAndroidProjectService.java:314)
	at com.google.appinventor.server.ProjectServiceImpl.newProject(ProjectServiceImpl.java:79)
	at com.google.appinventor.server.ProjectServiceTest$1.run(ProjectServiceTest.java:426)
	at java.lang.Thread.run(Thread.java:744)

Dec 29, 2015 7:02:15 PM com.google.appinventor.server.storage.ObjectifyStorageIo runJobWithRetries
WARNING: Optimistic concurrency failure
java.util.ConcurrentModificationException: too much contention on these datastore entities. please try again.
	at com.google.appengine.api.datastore.DatastoreApiHelper.translateError(DatastoreApiHelper.java:48)
	at com.google.appengine.api.datastore.DatastoreApiHelper$AsyncCallWrapper.convertException(DatastoreApiHelper.java:74)
	at com.google.appengine.api.utils.FutureWrapper.get(FutureWrapper.java:96)
	at com.google.appengine.api.utils.FutureWrapper.get(FutureWrapper.java:88)
	at com.google.appengine.api.utils.FutureWrapper.get(FutureWrapper.java:88)
	at com.google.appengine.api.utils.FutureWrapper.get(FutureWrapper.java:88)
	at com.google.appengine.api.utils.FutureWrapper.get(FutureWrapper.java:88)
	at com.googlecode.objectify.cache.TriggerFuture.get(TriggerFuture.java:99)
	at com.googlecode.objectify.util.FutureHelper.quietGet(FutureHelper.java:26)
	at com.googlecode.objectify.cache.TransactionWrapper.commit(TransactionWrapper.java:44)
	at com.google.appinventor.server.storage.ObjectifyStorageIo.runJobWithRetries(ObjectifyStorageIo.java:2266)
	at com.google.appinventor.server.storage.ObjectifyStorageIo.createProject(ObjectifyStorageIo.java:584)
[...]
Caused by: java.io.UnsupportedEncodingException: No such encoding
	at java.lang.StringCoding.decode(StringCoding.java:190)
	at java.lang.String.<init>(String.java:416)
	at java.lang.String.<init>(String.java:481)
	at com.google.appinventor.server.storage.ObjectifyStorageIo.downloadFile(ObjectifyStorageIo.java:1610)
	... 16 more

Dec 29, 2015 7:02:19 PM com.google.appinventor.server.storage.ObjectifyStorageIo <init>
INFO: RetryParams: getInitialRetryDelayMillis() = 100
Dec 29, 2015 7:02:19 PM com.google.appinventor.server.storage.ObjectifyStorageIo <init>
INFO: RetryParams: getRequestTimeoutMillis() = 30000
Dec 29, 2015 7:02:19 PM com.google.appinventor.server.storage.ObjectifyStorageIo <init>
INFO: RetryParams: getRetryDelayBackoffFactor() = 2.0
Dec 29, 2015 7:02:19 PM com.google.appinventor.server.storage.ObjectifyStorageIo <init>
INFO: RetryParams: getRetryMaxAttempts() = 10
Dec 29, 2015 7:02:19 PM com.google.appinventor.server.storage.ObjectifyStorageIo <init>
INFO: RetryParams: getRetryMinAttempts() = 3
Dec 29, 2015 7:02:19 PM com.google.appinventor.server.storage.ObjectifyStorageIo <init>
INFO: RetryParams: getTotalRetryPeriodMillis() = 10000
Dec 29, 2015 7:02:19 PM com.google.appengine.api.datastore.dev.LocalDatastoreService init
INFO: Local Datastore initialized: 
	Type: Master/Slave
	Storage: In-memory
Dec 29, 2015 7:02:19 PM com.google.appinventor.server.CrashReport createAndLogError
SEVERE: java.io.UnsupportedEncodingException: No such encoding: Unsupported file content encoding, user=1100, file=File1.src
build.version=
git.build.version=nls-845-g7b9f3ba-dirty

java.lang.RuntimeException: java.io.UnsupportedEncodingException: No such encoding
	at com.google.appinventor.server.CrashReport.createAndLogError(CrashReport.java:45)
	at com.google.appinventor.server.storage.ObjectifyStorageIo$31.run(ObjectifyStorageIo.java:1052)
	at com.google.appinventor.server.storage.ObjectifyStorageIo.runJobWithRetries(ObjectifyStorageIo.java:2264)
	at com.google.appinventor.server.storage.ObjectifyStorageIo.uploadUserFile(ObjectifyStorageIo.java:1044)
	at com.google.appinventor.server.storage.ObjectifyStorageIoTest.testUnsupportedEncodingUserFIle(ObjectifyStorageIoTest.java:381)
	at sun.reflect.NativeMethodAccessorImpl.invoke0(Native Method)
	at sun.reflect.NativeMethodAccessorImpl.invoke(NativeMethodAccessorImpl.java:57)
	at sun.reflect.DelegatingMethodAccessorImpl.invoke(DelegatingMethodAccessorImpl.java:43)
	at java.lang.reflect.Method.invoke(Method.java:606)
	at junit.framework.TestCase.runTest(TestCase.java:168)
	at junit.framework.TestCase.runBare(TestCase.java:134)
	at junit.framework.TestResult$1.protect(TestResult.java:110)
	at junit.framework.TestResult.runProtected(TestResult.java:128)
	at junit.framework.TestResult.run(TestResult.java:113)
	at junit.framework.TestCase.run(TestCase.java:124)
	at junit.framework.TestSuite.runTest(TestSuite.java:243)
	at junit.framework.TestSuite.run(TestSuite.java:238)
	at org.apache.tools.ant.taskdefs.optional.junit.JUnitTestRunner.run(JUnitTestRunner.java:535)
	at org.apache.tools.ant.taskdefs.optional.junit.JUnitTestRunner.launch(JUnitTestRunner.java:1182)
	at org.apache.tools.ant.taskdefs.optional.junit.JUnitTestRunner.main(JUnitTestRunner.java:1033)
Caused by: java.io.UnsupportedEncodingException: No such encoding
	at java.lang.StringCoding.encode(StringCoding.java:341)
	at java.lang.String.getBytes(String.java:916)
	at com.google.appinventor.server.storage.ObjectifyStorageIo$31.run(ObjectifyStorageIo.java:1049)
	... 18 more

Dec 29, 2015 7:02:19 PM com.google.appinventor.server.CrashReport createAndLogError
SEVERE: java.io.UnsupportedEncodingException: No such encoding: Unsupported file content encoding, user=1100, file=File1.src
build.version=
git.build.version=nls-845-g7b9f3ba-dirty

java.lang.RuntimeException: java.io.UnsupportedEncodingException: No such encoding
	at com.google.appinventor.server.CrashReport.createAndLogError(CrashReport.java:45)
	at com.google.appinventor.server.storage.ObjectifyStorageIo$33.run(ObjectifyStorageIo.java:1100)
	at com.google.appinventor.server.storage.ObjectifyStorageIo.runJobWithRetries(ObjectifyStorageIo.java:2264)
	at com.google.appinventor.server.storage.ObjectifyStorageIo.downloadUserFile(ObjectifyStorageIo.java:1094)
	at com.google.appinventor.server.storage.ObjectifyStorageIoTest.testUnsupportedEncodingUserFIle(ObjectifyStorageIoTest.java:390)
	at sun.reflect.NativeMethodAccessorImpl.invoke0(Native Method)
	at sun.reflect.NativeMethodAccessorImpl.invoke(NativeMethodAccessorImpl.java:57)
	at sun.reflect.DelegatingMethodAccessorImpl.invoke(DelegatingMethodAccessorImpl.java:43)
	at java.lang.reflect.Method.invoke(Method.java:606)
	at junit.framework.TestCase.runTest(TestCase.java:168)
	at junit.framework.TestCase.runBare(TestCase.java:134)
	at junit.framework.TestResult$1.protect(TestResult.java:110)
	at junit.framework.TestResult.runProtected(TestResult.java:128)
	at junit.framework.TestResult.run(TestResult.java:113)
	at junit.framework.TestCase.run(TestCase.java:124)
	at junit.framework.TestSuite.runTest(TestSuite.java:243)
	at junit.framework.TestSuite.run(TestSuite.java:238)
	at org.apache.tools.ant.taskdefs.optional.junit.JUnitTestRunner.run(JUnitTestRunner.java:535)
	at org.apache.tools.ant.taskdefs.optional.junit.JUnitTestRunner.launch(JUnitTestRunner.java:1182)
	at org.apache.tools.ant.taskdefs.optional.junit.JUnitTestRunner.main(JUnitTestRunner.java:1033)
Caused by: java.io.UnsupportedEncodingException: No such encoding
	at java.lang.StringCoding.decode(StringCoding.java:190)
	at java.lang.String.<init>(String.java:416)
	at java.lang.String.<init>(String.java:481)
	at com.google.appinventor.server.storage.ObjectifyStorageIo$33.run(ObjectifyStorageIo.java:1098)
	... 18 more

Dec 29, 2015 7:02:19 PM com.google.appinventor.server.storage.ObjectifyStorageIo <init>
INFO: RetryParams: getInitialRetryDelayMillis() = 100
Dec 29, 2015 7:02:19 PM com.google.appinventor.server.storage.ObjectifyStorageIo <init>
INFO: RetryParams: getRequestTimeoutMillis() = 30000
Dec 29, 2015 7:02:19 PM com.google.appinventor.server.storage.ObjectifyStorageIo <init>
INFO: RetryParams: getRetryDelayBackoffFactor() = 2.0
Dec 29, 2015 7:02:19 PM com.google.appinventor.server.storage.ObjectifyStorageIo <init>
INFO: RetryParams: getRetryMaxAttempts() = 10
Dec 29, 2015 7:02:19 PM com.google.appinventor.server.storage.ObjectifyStorageIo <init>
INFO: RetryParams: getRetryMinAttempts() = 3
Dec 29, 2015 7:02:19 PM com.google.appinventor.server.storage.ObjectifyStorageIo <init>
INFO: RetryParams: getTotalRetryPeriodMillis() = 10000
Dec 29, 2015 7:02:19 PM com.google.appengine.api.datastore.dev.LocalDatastoreService init
INFO: Local Datastore initialized: 
	Type: Master/Slave
	Storage: In-memory
Dec 29, 2015 7:02:19 PM com.google.appinventor.server.storage.ObjectifyStorageIo <init>
INFO: RetryParams: getInitialRetryDelayMillis() = 100
Dec 29, 2015 7:02:19 PM com.google.appinventor.server.storage.ObjectifyStorageIo <init>
INFO: RetryParams: getRequestTimeoutMillis() = 30000
Dec 29, 2015 7:02:19 PM com.google.appinventor.server.storage.ObjectifyStorageIo <init>
INFO: RetryParams: getRetryDelayBackoffFactor() = 2.0
Dec 29, 2015 7:02:19 PM com.google.appinventor.server.storage.ObjectifyStorageIo <init>
INFO: RetryParams: getRetryMaxAttempts() = 10
Dec 29, 2015 7:02:19 PM com.google.appinventor.server.storage.ObjectifyStorageIo <init>
INFO: RetryParams: getRetryMinAttempts() = 3
Dec 29, 2015 7:02:19 PM com.google.appinventor.server.storage.ObjectifyStorageIo <init>
INFO: RetryParams: getTotalRetryPeriodMillis() = 10000
Dec 29, 2015 7:02:19 PM com.google.appengine.api.datastore.dev.LocalDatastoreService init
INFO: Local Datastore initialized: 
	Type: Master/Slave
	Storage: In-memory
Dec 29, 2015 7:02:19 PM com.google.appinventor.server.storage.ObjectifyStorageIo <init>
INFO: RetryParams: getInitialRetryDelayMillis() = 100
Dec 29, 2015 7:02:19 PM com.google.appinventor.server.storage.ObjectifyStorageIo <init>
INFO: RetryParams: getRequestTimeoutMillis() = 30000
Dec 29, 2015 7:02:19 PM com.google.appinventor.server.storage.ObjectifyStorageIo <init>
INFO: RetryParams: getRetryDelayBackoffFactor() = 2.0
Dec 29, 2015 7:02:19 PM com.google.appinventor.server.storage.ObjectifyStorageIo <init>
INFO: RetryParams: getRetryMaxAttempts() = 10
Dec 29, 2015 7:02:19 PM com.google.appinventor.server.storage.ObjectifyStorageIo <init>
INFO: RetryParams: getRetryMinAttempts() = 3
Dec 29, 2015 7:02:19 PM com.google.appinventor.server.storage.ObjectifyStorageIo <init>
INFO: RetryParams: getTotalRetryPeriodMillis() = 10000
Dec 29, 2015 7:02:19 PM com.google.appinventor.server.storage.ObjectifyStorageIo <init>
INFO: RetryParams: getInitialRetryDelayMillis() = 100
Dec 29, 2015 7:02:19 PM com.google.appinventor.server.storage.ObjectifyStorageIo <init>
INFO: RetryParams: getRequestTimeoutMillis() = 30000
Dec 29, 2015 7:02:19 PM com.google.appinventor.server.storage.ObjectifyStorageIo <init>
INFO: RetryParams: getRetryDelayBackoffFactor() = 2.0
Dec 29, 2015 7:02:19 PM com.google.appinventor.server.storage.ObjectifyStorageIo <init>
INFO: RetryParams: getRetryMaxAttempts() = 10
Dec 29, 2015 7:02:19 PM com.google.appinventor.server.storage.ObjectifyStorageIo <init>
INFO: RetryParams: getRetryMinAttempts() = 3
Dec 29, 2015 7:02:19 PM com.google.appinventor.server.storage.ObjectifyStorageIo <init>
INFO: RetryParams: getTotalRetryPeriodMillis() = 10000
Dec 29, 2015 7:02:19 PM com.google.appengine.api.datastore.dev.LocalDatastoreService init
INFO: Local Datastore initialized: 
	Type: Master/Slave
	Storage: In-memory
Dec 29, 2015 7:02:19 PM com.google.appinventor.server.storage.ObjectifyStorageIo <init>
INFO: RetryParams: getInitialRetryDelayMillis() = 100
Dec 29, 2015 7:02:19 PM com.google.appinventor.server.storage.ObjectifyStorageIo <init>
INFO: RetryParams: getRequestTimeoutMillis() = 30000
Dec 29, 2015 7:02:19 PM com.google.appinventor.server.storage.ObjectifyStorageIo <init>
INFO: RetryParams: getRetryDelayBackoffFactor() = 2.0
Dec 29, 2015 7:02:19 PM com.google.appinventor.server.storage.ObjectifyStorageIo <init>
INFO: RetryParams: getRetryMaxAttempts() = 10
Dec 29, 2015 7:02:19 PM com.google.appinventor.server.storage.ObjectifyStorageIo <init>
INFO: RetryParams: getRetryMinAttempts() = 3
Dec 29, 2015 7:02:19 PM com.google.appinventor.server.storage.ObjectifyStorageIo <init>
INFO: RetryParams: getTotalRetryPeriodMillis() = 10000
Dec 29, 2015 7:02:19 PM com.google.appengine.api.datastore.dev.LocalDatastoreService init
INFO: Local Datastore initialized: 
	Type: Master/Slave
	Storage: In-memory
Dec 29, 2015 7:02:19 PM com.google.appinventor.server.storage.ObjectifyStorageIo <init>
INFO: RetryParams: getInitialRetryDelayMillis() = 100
Dec 29, 2015 7:02:19 PM com.google.appinventor.server.storage.ObjectifyStorageIo <init>
INFO: RetryParams: getRequestTimeoutMillis() = 30000
Dec 29, 2015 7:02:19 PM com.google.appinventor.server.storage.ObjectifyStorageIo <init>
INFO: RetryParams: getRetryDelayBackoffFactor() = 2.0
Dec 29, 2015 7:02:19 PM com.google.appinventor.server.storage.ObjectifyStorageIo <init>
INFO: RetryParams: getRetryMaxAttempts() = 10
Dec 29, 2015 7:02:19 PM com.google.appinventor.server.storage.ObjectifyStorageIo <init>
INFO: RetryParams: getRetryMinAttempts() = 3
Dec 29, 2015 7:02:19 PM com.google.appinventor.server.storage.ObjectifyStorageIo <init>
INFO: RetryParams: getTotalRetryPeriodMillis() = 10000
Dec 29, 2015 7:02:19 PM com.google.appengine.api.datastore.dev.LocalDatastoreService init
INFO: Local Datastore initialized: 
	Type: Master/Slave
	Storage: In-memory
Dec 29, 2015 7:02:19 PM com.google.appinventor.server.CrashReport createAndLogError
SEVERE: com.google.appinventor.server.storage.UnauthorizedAccessException: user=1700, project=1
build.version=
git.build.version=nls-845-g7b9f3ba-dirty

java.lang.RuntimeException: com.google.appinventor.server.storage.UnauthorizedAccessException
	at com.google.appinventor.server.CrashReport.createAndLogError(CrashReport.java:45)
	at com.google.appinventor.server.storage.ObjectifyStorageIo.downloadRawFile(ObjectifyStorageIo.java:1664)
	at com.google.appinventor.server.storage.ObjectifyStorageIoTest.testWrongUserThrowsException(ObjectifyStorageIoTest.java:489)
	at sun.reflect.NativeMethodAccessorImpl.invoke0(Native Method)
	at sun.reflect.NativeMethodAccessorImpl.invoke(NativeMethodAccessorImpl.java:57)
	at sun.reflect.DelegatingMethodAccessorImpl.invoke(DelegatingMethodAccessorImpl.java:43)
	at java.lang.reflect.Method.invoke(Method.java:606)
	at junit.framework.TestCase.runTest(TestCase.java:168)
	at junit.framework.TestCase.runBare(TestCase.java:134)
	at junit.framework.TestResult$1.protect(TestResult.java:110)
	at junit.framework.TestResult.runProtected(TestResult.java:128)
	at junit.framework.TestResult.run(TestResult.java:113)
	at junit.framework.TestCase.run(TestCase.java:124)
	at junit.framework.TestSuite.runTest(TestSuite.java:243)
	at junit.framework.TestSuite.run(TestSuite.java:238)
	at org.apache.tools.ant.taskdefs.optional.junit.JUnitTestRunner.run(JUnitTestRunner.java:535)
	at org.apache.tools.ant.taskdefs.optional.junit.JUnitTestRunner.launch(JUnitTestRunner.java:1182)
	at org.apache.tools.ant.taskdefs.optional.junit.JUnitTestRunner.main(JUnitTestRunner.java:1033)
Caused by: com.google.appinventor.server.storage.UnauthorizedAccessException
	... 17 more

]]></system-err>

  </testsuite>
  <testsuite errors="0" failures="0" hostname="localhost" id="20" name="VersionStringTest" package="com.google.appinventor.server.util" skipped="0" tests="7" time="0.035" timestamp="2015-12-29T19:02:19">
      <properties>
[...]
</properties>

      <testcase classname="com.google.appinventor.server.util.VersionStringTest" name="testMalformatted" time="0.001" />

      <testcase classname="com.google.appinventor.server.util.VersionStringTest" name="testEqualLengths" time="0.002" />

      <testcase classname="com.google.appinventor.server.util.VersionStringTest" name="testHashing" time="0.0" />

      <testcase classname="com.google.appinventor.server.util.VersionStringTest" name="testUnequalLengths" time="0.001" />

      <testcase classname="com.google.appinventor.server.util.VersionStringTest" name="testSorting" time="0.0" />

      <testcase classname="com.google.appinventor.server.util.VersionStringTest" name="testToString" time="0.0" />

      <testcase classname="com.google.appinventor.server.util.VersionStringTest" name="testNumericallyEqual" time="0.0" />

      <system-out><![CDATA[]]></system-out>

      <system-err><![CDATA[]]></system-err>

  </testsuite>
  <testsuite errors="0" failures="0" hostname="localhost" id="21" name="JSONUtilTest" package="com.google.appinventor.shared.properties.json" skipped="0" tests="2" time="0.054" timestamp="2015-12-29T19:02:02">
      <properties>
[...]
</properties>

      <testcase classname="com.google.appinventor.shared.properties.json.JSONUtilTest" name="testStringToJson" time="0.019" />

      <testcase classname="com.google.appinventor.shared.properties.json.JSONUtilTest" name="testStringToJsonWithI18nCharacters" time="0.002" />

      <system-out><![CDATA[]]></system-out>

      <system-err><![CDATA[]]></system-err>

  </testsuite>
  <testsuite errors="0" failures="0" hostname="localhost" id="22" name="RpcResultTest" package="com.google.appinventor.shared.rpc" skipped="0" tests="6" time="0.038" timestamp="2015-12-29T19:02:02">
      <properties>
[...]
</properties>

      <testcase classname="com.google.appinventor.shared.rpc.RpcResultTest" name="testSuccess" time="0.001" />

      <testcase classname="com.google.appinventor.shared.rpc.RpcResultTest" name="testTrue" time="0.001" />

      <testcase classname="com.google.appinventor.shared.rpc.RpcResultTest" name="testNonzero" time="0.001" />

      <testcase classname="com.google.appinventor.shared.rpc.RpcResultTest" name="testFailure" time="0.0" />

      <testcase classname="com.google.appinventor.shared.rpc.RpcResultTest" name="testFalse" time="0.0" />

      <testcase classname="com.google.appinventor.shared.rpc.RpcResultTest" name="testZero" time="0.0" />

      <system-out><![CDATA[]]></system-out>

      <system-err><![CDATA[]]></system-err>

  </testsuite>
  <testsuite errors="0" failures="0" hostname="localhost" id="23" name="UploadResponseTest" package="com.google.appinventor.shared.rpc" skipped="0" tests="4" time="0.036" timestamp="2015-12-29T19:02:03">
      <properties>
[...]
</properties>

      <testcase classname="com.google.appinventor.shared.rpc.UploadResponseTest" name="testExtractUploadResponse" time="0.002" />

      <testcase classname="com.google.appinventor.shared.rpc.UploadResponseTest" name="testExtractUploadResponseWithWhoDatExtension" time="0.001" />

      <testcase classname="com.google.appinventor.shared.rpc.UploadResponseTest" name="testExtractUploadResponseWithInternetExplorerInterference" time="0.0" />

      <testcase classname="com.google.appinventor.shared.rpc.UploadResponseTest" name="testExtractUploadResponseWithBlankInfo" time="0.0" />

      <system-out><![CDATA[]]></system-out>

      <system-err><![CDATA[]]></system-err>

  </testsuite>
  <testsuite errors="0" failures="0" hostname="localhost" id="24" name="YoungAndroidSourceNodeTest" package="com.google.appinventor.shared.rpc.project.youngandroid" skipped="0" tests="1" time="0.036" timestamp="2015-12-29T19:02:03">
      <properties>
[...]
</properties>

      <testcase classname="com.google.appinventor.shared.rpc.project.youngandroid.YoungAndroidSourceNodeTest" name="testGetQualifiedName" time="0.003" />

      <system-out><![CDATA[]]></system-out>

      <system-err><![CDATA[]]></system-err>

  </testsuite>
  <testsuite errors="0" failures="0" hostname="localhost" id="25" name="SettingsTest" package="com.google.appinventor.shared.settings" skipped="0" tests="1" time="0.046" timestamp="2015-12-29T19:02:03">
      <properties>
[...]
</properties>

      <testcase classname="com.google.appinventor.shared.settings.SettingsTest" name="testGetSettings" time="0.015" />

      <system-out><![CDATA[]]></system-out>

      <system-err><![CDATA[]]></system-err>

  </testsuite>
  <testsuite errors="0" failures="0" hostname="localhost" id="26" name="StorageUtilTest" package="com.google.appinventor.shared.storage" skipped="0" tests="6" time="0.036" timestamp="2015-12-29T19:02:03">
      <properties>
[...]
</properties>

      <testcase classname="com.google.appinventor.shared.storage.StorageUtilTest" name="testTrimOffExtension" time="0.001" />

      <testcase classname="com.google.appinventor.shared.storage.StorageUtilTest" name="testGetPackageName" time="0.001" />

      <testcase classname="com.google.appinventor.shared.storage.StorageUtilTest" name="testGetContentTypeForFilePath" time="0.001" />

      <testcase classname="com.google.appinventor.shared.storage.StorageUtilTest" name="testBasename" time="0.0" />

      <testcase classname="com.google.appinventor.shared.storage.StorageUtilTest" name="testIsImageFile" time="0.0" />

      <testcase classname="com.google.appinventor.shared.storage.StorageUtilTest" name="testIsTextFile" time="0.0" />

      <system-out><![CDATA[]]></system-out>

      <system-err><![CDATA[]]></system-err>

  </testsuite>
  <testsuite errors="0" failures="0" hostname="localhost" id="27" name="YoungAndroidSourceAnalyzerTest" package="com.google.appinventor.shared.youngandroid" skipped="0" tests="2" time="0.06" timestamp="2015-12-29T19:02:03">
      <properties>
[...]
</properties>

      <testcase classname="com.google.appinventor.shared.youngandroid.YoungAndroidSourceAnalyzerTest" name="testGenerateSourceFile" time="0.024" />

      <testcase classname="com.google.appinventor.shared.youngandroid.YoungAndroidSourceAnalyzerTest" name="testParseSourceFile" time="0.003" />

      <system-out><![CDATA[]]></system-out>

      <system-err><![CDATA[]]></system-err>

  </testsuite>
</testsuites>
