<?xml version="1.0" encoding="UTF-8" ?>
<testsuites>
  <testsuite errors="0" failures="0" hostname="localhost" id="0" name="FilenameUtilsTest" package="com.google.appinventor.common.utils" skipped="0" tests="1" time="0.034" timestamp="2015-12-29T19:02:47">
      <properties>
[...]
</properties>

      <testcase classname="com.google.appinventor.common.utils.FilenameUtilsTest" name="testGetExtension" time="0.002" />

      <system-out><![CDATA[]]></system-out>

      <system-err><![CDATA[]]></system-err>

  </testsuite>
  <testsuite errors="0" failures="0" hostname="localhost" id="1" name="StringUtilsTest" package="com.google.appinventor.common.utils" skipped="0" tests="9" time="0.045" timestamp="2015-12-29T19:02:47">
      <properties>
[...]
</properties>

      <testcase classname="com.google.appinventor.common.utils.StringUtilsTest" name="testReplaceLastOccurrence" time="0.009" />

      <testcase classname="com.google.appinventor.common.utils.StringUtilsTest" name="testValidFilenameChars" time="0.001" />

      <testcase classname="com.google.appinventor.common.utils.StringUtilsTest" name="testNormalizeForFilename" time="0.001" />

      <testcase classname="com.google.appinventor.common.utils.StringUtilsTest" name="testEscape" time="0.001" />

      <testcase classname="com.google.appinventor.common.utils.StringUtilsTest" name="testContains" time="0.001" />

      <testcase classname="com.google.appinventor.common.utils.StringUtilsTest" name="testJoin" time="0.0" />

      <testcase classname="com.google.appinventor.common.utils.StringUtilsTest" name="testUserToPackageName" time="0.0" />

      <testcase classname="com.google.appinventor.common.utils.StringUtilsTest" name="testUnquote" time="0.0" />

      <testcase classname="com.google.appinventor.common.utils.StringUtilsTest" name="testQuote" time="0.0" />

      <system-out><![CDATA[]]></system-out>

      <system-err><![CDATA[]]></system-err>

  </testsuite>
</testsuites>
