<?xml version="1.0" encoding="UTF-8" ?>
<testsuite errors="0" failures="0" hostname="localhost" name="com.google.appinventor.client.youngandroid.TextValidatorsTest" skipped="0" tests="2" time="0.037" timestamp="2015-12-29T19:02:01">
  <properties>
[...]
</properties>
  <testcase classname="com.google.appinventor.client.youngandroid.TextValidatorsTest" name="testComponentIdentifierFilter" time="0.004" />
  <testcase classname="com.google.appinventor.client.youngandroid.TextValidatorsTest" name="testIdentifierFilter" time="0.002" />
  <system-out><![CDATA[]]></system-out>
  <system-err><![CDATA[]]></system-err>
</testsuite>
